2021-06-18 07:05:43.8371||DEBUG|FrameWork.Authentication.Program|init main 
2021-06-18 07:05:46.9672|3|WARN|Microsoft.AspNetCore.HttpsPolicy.HttpsRedirectionMiddleware|Failed to determine the https port for redirect. 
2021-06-18 07:08:10.7781|1|ERROR|Microsoft.AspNetCore.Diagnostics.DeveloperExceptionPageMiddleware|An unhandled exception has occurred while executing the request. System.Net.Http.HttpRequestException: No connection could be made because the target machine actively refused it.
 ---> System.Net.Sockets.SocketException (10061): No connection could be made because the target machine actively refused it.
   at System.Net.Http.ConnectHelper.ConnectAsync(String host, Int32 port, CancellationToken cancellationToken)
   --- End of inner exception stack trace ---
   at System.Net.Http.ConnectHelper.ConnectAsync(String host, Int32 port, CancellationToken cancellationToken)
   at System.Net.Http.HttpConnectionPool.ConnectAsync(HttpRequestMessage request, Boolean allowHttp2, CancellationToken cancellationToken)
   at System.Net.Http.HttpConnectionPool.CreateHttp11ConnectionAsync(HttpRequestMessage request, CancellationToken cancellationToken)
   at System.Net.Http.HttpConnectionPool.GetHttpConnectionAsync(HttpRequestMessage request, CancellationToken cancellationToken)
   at System.Net.Http.HttpConnectionPool.SendWithRetryAsync(HttpRequestMessage request, Boolean doRequestAuth, CancellationToken cancellationToken)
   at System.Net.Http.RedirectHandler.SendAsync(HttpRequestMessage request, CancellationToken cancellationToken)
   at System.Net.Http.DiagnosticsHandler.SendAsync(HttpRequestMessage request, CancellationToken cancellationToken)
   at Microsoft.Azure.Cosmos.DocumentClient.HttpRequestMessageHandler.SendAsync(HttpRequestMessage request, CancellationToken cancellationToken)
   at System.Net.Http.HttpClient.FinishSendAsyncUnbuffered(Task`1 sendTask, HttpRequestMessage request, CancellationTokenSource cts, Boolean disposeCts)
   at Microsoft.Azure.Cosmos.ClientExtensions.GetAsync(HttpClient client, Uri uri, INameValueCollection additionalHeaders, CancellationToken cancellationToken)
   at Microsoft.Azure.Cosmos.GatewayAccountReader.GetDatabaseAccountAsync(Uri serviceEndpoint)
   at Microsoft.Azure.Cosmos.Routing.GlobalEndpointManager.GetDatabaseAccountFromAnyLocationsAsync(Uri defaultEndpoint, IList`1 locations, Func`2 getDatabaseAccountFn)
   at Microsoft.Azure.Cosmos.GatewayAccountReader.InitializeReaderAsync()
   at Microsoft.Azure.Cosmos.CosmosAccountServiceConfiguration.InitializeAsync()
   at Microsoft.Azure.Cosmos.DocumentClient.InitializeGatewayConfigurationReaderAsync()
   at Microsoft.Azure.Cosmos.DocumentClient.GetInitializationTaskAsync(IStoreClientFactory storeClientFactory)
   at Microsoft.Azure.Cosmos.DocumentClient.EnsureValidClientAsync()
   at Microsoft.Azure.Cosmos.Handlers.RequestInvokerHandler.EnsureValidClientAsync(RequestMessage request)
   at Microsoft.Azure.Cosmos.Handlers.RequestInvokerHandler.SendAsync(RequestMessage request, CancellationToken cancellationToken)
   at Microsoft.Azure.Cosmos.Handlers.RequestInvokerHandler.SendAsync(String resourceUriString, ResourceType resourceType, OperationType operationType, RequestOptions requestOptions, ContainerInternal cosmosContainerCore, Nullable`1 partitionKey, Stream streamPayload, Action`1 requestEnricher, CosmosDiagnosticsContext diagnosticsContext, CancellationToken cancellationToken)
   at Microsoft.Azure.Cosmos.CosmosClient.<>c__DisplayClass30_0.<<CreateDatabaseIfNotExistsAsync>b__0>d.MoveNext()
--- End of stack trace from previous location where exception was thrown ---
   at Microsoft.Azure.Cosmos.ClientContextCore.RunWithDiagnosticsHelperAsync[TResult](CosmosDiagnosticsContext diagnosticsContext, Func`2 task)
   at Microsoft.EntityFrameworkCore.Cosmos.Storage.Internal.CosmosClientWrapper.CreateDatabaseIfNotExistsOnceAsync(DbContext _, Object __, CancellationToken cancellationToken)
   at Microsoft.EntityFrameworkCore.Cosmos.Storage.Internal.CosmosClientWrapper.CreateDatabaseIfNotExistsOnce(DbContext context, Object state)
   at Microsoft.EntityFrameworkCore.Storage.ExecutionStrategy.ExecuteImplementation[TState,TResult](Func`3 operation, Func`3 verifySucceeded, TState state)
   at Microsoft.EntityFrameworkCore.Storage.ExecutionStrategy.Execute[TState,TResult](TState state, Func`3 operation, Func`3 verifySucceeded)
   at Microsoft.EntityFrameworkCore.Cosmos.Storage.Internal.CosmosClientWrapper.CreateDatabaseIfNotExists()
   at Microsoft.EntityFrameworkCore.Cosmos.Storage.Internal.CosmosDatabaseCreator.EnsureCreated()
   at Microsoft.EntityFrameworkCore.Infrastructure.DatabaseFacade.EnsureCreated()
   at FrameWork.Authentication.Infrastructure.Repositories.IdentityUserQuery..ctor(DBContext ctx) in D:\TFS\MobiCare\Microservices\Authentication\Infrastructure\Repositories\IdentityUserQuery.cs:line 18
--- End of stack trace from previous location where exception was thrown ---
   at Microsoft.Extensions.DependencyInjection.ServiceLookup.CallSiteRuntimeResolver.VisitConstructor(ConstructorCallSite constructorCallSite, RuntimeResolverContext context)
   at Microsoft.Extensions.DependencyInjection.ServiceLookup.CallSiteVisitor`2.VisitCallSiteMain(ServiceCallSite callSite, TArgument argument)
   at Microsoft.Extensions.DependencyInjection.ServiceLookup.CallSiteRuntimeResolver.VisitCache(ServiceCallSite callSite, RuntimeResolverContext context, ServiceProviderEngineScope serviceProviderEngine, RuntimeResolverLock lockType)
   at Microsoft.Extensions.DependencyInjection.ServiceLookup.CallSiteRuntimeResolver.VisitScopeCache(ServiceCallSite singletonCallSite, RuntimeResolverContext context)
   at Microsoft.Extensions.DependencyInjection.ServiceLookup.CallSiteVisitor`2.VisitCallSite(ServiceCallSite callSite, TArgument argument)
   at Microsoft.Extensions.DependencyInjection.ServiceLookup.CallSiteRuntimeResolver.Resolve(ServiceCallSite callSite, ServiceProviderEngineScope scope)
   at Microsoft.Extensions.DependencyInjection.ServiceLookup.DynamicServiceProviderEngine.<>c__DisplayClass1_0.<RealizeService>b__0(ServiceProviderEngineScope scope)
   at Microsoft.Extensions.DependencyInjection.ServiceLookup.ServiceProviderEngine.GetService(Type serviceType, ServiceProviderEngineScope serviceProviderEngineScope)
   at Microsoft.Extensions.DependencyInjection.ServiceLookup.ServiceProviderEngineScope.GetService(Type serviceType)
   at Microsoft.Extensions.DependencyInjection.ActivatorUtilities.GetService(IServiceProvider sp, Type type, Type requiredBy, Boolean isDefaultParameterRequired)
   at lambda_method(Closure , IServiceProvider , Object[] )
   at Microsoft.AspNetCore.Mvc.Controllers.ControllerActivatorProvider.<>c__DisplayClass4_0.<CreateActivator>b__0(ControllerContext controllerContext)
   at Microsoft.AspNetCore.Mvc.Controllers.ControllerFactoryProvider.<>c__DisplayClass5_0.<CreateControllerFactory>g__CreateController|0(ControllerContext controllerContext)
   at Microsoft.AspNetCore.Mvc.Infrastructure.ControllerActionInvoker.Next(State& next, Scope& scope, Object& state, Boolean& isCompleted)
   at Microsoft.AspNetCore.Mvc.Infrastructure.ControllerActionInvoker.InvokeInnerFilterAsync()
--- End of stack trace from previous location where exception was thrown ---
   at Microsoft.AspNetCore.Mvc.Infrastructure.ResourceInvoker.<InvokeNextResourceFilter>g__Awaited|24_0(ResourceInvoker invoker, Task lastTask, State next, Scope scope, Object state, Boolean isCompleted)
   at Microsoft.AspNetCore.Mvc.Infrastructure.ResourceInvoker.Rethrow(ResourceExecutedContextSealed context)
   at Microsoft.AspNetCore.Mvc.Infrastructure.ResourceInvoker.Next(State& next, Scope& scope, Object& state, Boolean& isCompleted)
   at Microsoft.AspNetCore.Mvc.Infrastructure.ResourceInvoker.InvokeFilterPipelineAsync()
--- End of stack trace from previous location where exception was thrown ---
   at Microsoft.AspNetCore.Mvc.Infrastructure.ResourceInvoker.<InvokeAsync>g__Awaited|17_0(ResourceInvoker invoker, Task task, IDisposable scope)
   at Microsoft.AspNetCore.Routing.EndpointMiddleware.<Invoke>g__AwaitRequestTask|6_0(Endpoint endpoint, Task requestTask, ILogger logger)
   at Swashbuckle.AspNetCore.SwaggerUI.SwaggerUIMiddleware.Invoke(HttpContext httpContext)
   at Swashbuckle.AspNetCore.Swagger.SwaggerMiddleware.Invoke(HttpContext httpContext, ISwaggerProvider swaggerProvider)
   at Microsoft.AspNetCore.Authentication.AuthenticationMiddleware.Invoke(HttpContext context)
   at Microsoft.AspNetCore.Authorization.AuthorizationMiddleware.Invoke(HttpContext context)
   at Microsoft.AspNetCore.Diagnostics.DeveloperExceptionPageMiddleware.Invoke(HttpContext context)
2021-06-18 07:14:28.8467||INFO|FrameWork.Authentication.API.Queries.IdentityUserQueryController|Identity User Authorize Starting 
2021-06-18 07:14:29.9049||INFO|FrameWork.Authentication.API.Queries.IdentityUserQueryController|Identity User Authorize completed successfully 
2021-06-18 09:09:37.9866||DEBUG|FrameWork.Authentication.Program|init main 
2021-06-18 09:09:51.6682|3|WARN|Microsoft.AspNetCore.HttpsPolicy.HttpsRedirectionMiddleware|Failed to determine the https port for redirect. 
2021-06-18 09:14:28.8003||INFO|FrameWork.Authentication.API.Queries.IdentityUserQueryController|Identity User Authorize Starting 
2021-06-18 09:14:31.4622||INFO|FrameWork.Authentication.API.Queries.IdentityUserQueryController|Identity User Authorize invalid username and password 
2021-06-18 09:14:53.7932||INFO|FrameWork.Authentication.API.Queries.IdentityUserQueryController|Identity User Authorize Starting 
2021-06-18 09:14:53.8285||INFO|FrameWork.Authentication.API.Queries.IdentityUserQueryController|Identity User Authorize completed successfully 
2021-06-18 09:42:18.8100||INFO|FrameWork.Authentication.API.Queries.IdentityUserQueryController|Identity User Authorize Starting 
2021-06-18 09:42:18.8333||INFO|FrameWork.Authentication.API.Queries.IdentityUserQueryController|Identity User Authorize completed successfully 
2021-06-18 10:21:28.3891||DEBUG|FrameWork.Authentication.Program|init main 
2021-06-18 10:21:29.4634|3|WARN|Microsoft.AspNetCore.HttpsPolicy.HttpsRedirectionMiddleware|Failed to determine the https port for redirect. 
2021-06-18 10:22:08.6062||DEBUG|FrameWork.Authentication.Program|init main 
2021-06-18 10:22:09.7604|3|WARN|Microsoft.AspNetCore.HttpsPolicy.HttpsRedirectionMiddleware|Failed to determine the https port for redirect. 
2021-06-18 10:22:32.8163||DEBUG|FrameWork.Authentication.Program|init main 
2021-06-18 10:22:33.8659|3|WARN|Microsoft.AspNetCore.HttpsPolicy.HttpsRedirectionMiddleware|Failed to determine the https port for redirect. 
2021-06-18 10:25:18.0771||DEBUG|FrameWork.Authentication.Program|init main 
2021-06-18 10:25:19.1842|3|WARN|Microsoft.AspNetCore.HttpsPolicy.HttpsRedirectionMiddleware|Failed to determine the https port for redirect. 
2021-06-18 10:25:55.0600||DEBUG|FrameWork.Authentication.Program|init main 
2021-06-18 10:25:56.4160|3|WARN|Microsoft.AspNetCore.HttpsPolicy.HttpsRedirectionMiddleware|Failed to determine the https port for redirect. 
2021-06-18 10:27:40.5129||DEBUG|FrameWork.Authentication.Program|init main 
2021-06-18 10:27:42.3501|3|WARN|Microsoft.AspNetCore.HttpsPolicy.HttpsRedirectionMiddleware|Failed to determine the https port for redirect. 
2021-06-18 11:36:56.9199||DEBUG|FrameWork.Authentication.Program|init main 
2021-06-18 11:36:59.8077|3|WARN|Microsoft.AspNetCore.HttpsPolicy.HttpsRedirectionMiddleware|Failed to determine the https port for redirect. 
2021-06-18 11:44:53.0559||DEBUG|FrameWork.Authentication.Program|init main 
2021-06-18 11:44:54.8618|3|WARN|Microsoft.AspNetCore.HttpsPolicy.HttpsRedirectionMiddleware|Failed to determine the https port for redirect. 
2021-06-18 11:45:30.4190||DEBUG|FrameWork.Authentication.Program|init main 
2021-06-18 11:45:33.8170|3|WARN|Microsoft.AspNetCore.HttpsPolicy.HttpsRedirectionMiddleware|Failed to determine the https port for redirect. 
2021-06-18 11:48:37.9178||INFO|FrameWork.Authentication.API.Queries.IdentityUserQueryController|Identity User Authorize Starting 
2021-06-18 11:48:38.8966||INFO|FrameWork.Authentication.API.Queries.IdentityUserQueryController|Identity User Authorize completed successfully 
2021-06-18 12:55:18.4589||DEBUG|FrameWork.Authentication.Program|init main 
2021-06-18 12:55:20.1635|3|WARN|Microsoft.AspNetCore.HttpsPolicy.HttpsRedirectionMiddleware|Failed to determine the https port for redirect. 
2021-06-18 12:57:48.0364||DEBUG|FrameWork.Authentication.Program|init main 
2021-06-18 12:57:49.8246|3|WARN|Microsoft.AspNetCore.HttpsPolicy.HttpsRedirectionMiddleware|Failed to determine the https port for redirect. 
2021-06-18 12:58:12.5428||DEBUG|FrameWork.Authentication.Program|init main 
2021-06-18 12:58:14.4330|3|WARN|Microsoft.AspNetCore.HttpsPolicy.HttpsRedirectionMiddleware|Failed to determine the https port for redirect. 
2021-06-18 13:27:43.0017||INFO|FrameWork.Authentication.API.Queries.IdentityUserQueryController|Identity User Authorize Starting 
2021-06-18 13:27:43.5886||INFO|FrameWork.Authentication.API.Queries.IdentityUserQueryController|Identity User Authorize completed successfully 
2021-06-18 13:30:47.2829||DEBUG|FrameWork.Authentication.Program|init main 
2021-06-18 13:30:48.7393|3|WARN|Microsoft.AspNetCore.HttpsPolicy.HttpsRedirectionMiddleware|Failed to determine the https port for redirect. 
2021-06-18 13:37:38.3444||DEBUG|FrameWork.Authentication.Program|init main 
2021-06-18 13:37:43.6721|3|WARN|Microsoft.AspNetCore.HttpsPolicy.HttpsRedirectionMiddleware|Failed to determine the https port for redirect. 
2021-06-18 13:46:01.6128||DEBUG|FrameWork.Authentication.Program|init main 
2021-06-18 13:46:07.8897|3|WARN|Microsoft.AspNetCore.HttpsPolicy.HttpsRedirectionMiddleware|Failed to determine the https port for redirect. 
2021-06-18 13:49:41.4939||INFO|FrameWork.Authentication.API.Queries.IdentityUserQueryController|Identity User Authorize Starting 
2021-06-18 13:49:42.1601||INFO|FrameWork.Authentication.API.Queries.IdentityUserQueryController|Identity User Authorize completed successfully 
2021-06-18 13:56:19.7957||DEBUG|FrameWork.Authentication.Program|init main 
2021-06-18 13:56:22.0030|3|WARN|Microsoft.AspNetCore.HttpsPolicy.HttpsRedirectionMiddleware|Failed to determine the https port for redirect. 
2021-06-18 15:52:15.1235||DEBUG|FrameWork.Authentication.Program|init main 
2021-06-18 15:52:17.1953|3|WARN|Microsoft.AspNetCore.HttpsPolicy.HttpsRedirectionMiddleware|Failed to determine the https port for redirect. 
2021-06-18 16:27:47.2191||DEBUG|FrameWork.Authentication.Program|init main 
2021-06-18 16:27:48.6900|3|WARN|Microsoft.AspNetCore.HttpsPolicy.HttpsRedirectionMiddleware|Failed to determine the https port for redirect. 
2021-06-18 16:28:23.2135||DEBUG|FrameWork.Authentication.Program|init main 
2021-06-18 16:28:25.4820|3|WARN|Microsoft.AspNetCore.HttpsPolicy.HttpsRedirectionMiddleware|Failed to determine the https port for redirect. 
