2021-07-02 09:22:10.6388||DEBUG|FrameWork.Authentication.Program|init main |url: |action: 
2021-07-02 09:22:28.0960||DEBUG|FrameWork.Authentication.Program|init main |url: |action: 
2021-07-02 09:22:31.9053|3|WARN|Microsoft.AspNetCore.HttpsPolicy.HttpsRedirectionMiddleware|Failed to determine the https port for redirect. |url: http://localhost/Swagger|action: 
2021-07-02 09:23:02.4272||DEBUG|FrameWork.Authentication.Program|init main |url: |action: 
2021-07-02 09:23:03.8712|3|WARN|Microsoft.AspNetCore.HttpsPolicy.HttpsRedirectionMiddleware|Failed to determine the https port for redirect. |url: http://localhost/Swagger|action: 
2021-07-02 09:58:16.2376|1|ERROR|Microsoft.AspNetCore.Diagnostics.DeveloperExceptionPageMiddleware|An unhandled exception has occurred while executing the request. System.Net.Http.HttpRequestException: No connection could be made because the target machine actively refused it.
 ---> System.Net.Sockets.SocketException (10061): No connection could be made because the target machine actively refused it.
   at System.Net.Http.ConnectHelper.ConnectAsync(String host, Int32 port, CancellationToken cancellationToken)
   --- End of inner exception stack trace ---
   at System.Net.Http.ConnectHelper.ConnectAsync(String host, Int32 port, CancellationToken cancellationToken)
   at System.Net.Http.HttpConnectionPool.ConnectAsync(HttpRequestMessage request, Boolean allowHttp2, CancellationToken cancellationToken)
   at System.Net.Http.HttpConnectionPool.CreateHttp11ConnectionAsync(HttpRequestMessage request, CancellationToken cancellationToken)
   at System.Net.Http.HttpConnectionPool.GetHttpConnectionAsync(HttpRequestMessage request, CancellationToken cancellationToken)
   at System.Net.Http.HttpConnectionPool.SendWithRetryAsync(HttpRequestMessage request, Boolean doRequestAuth, CancellationToken cancellationToken)
   at System.Net.Http.RedirectHandler.SendAsync(HttpRequestMessage request, CancellationToken cancellationToken)
   at System.Net.Http.DiagnosticsHandler.SendAsync(HttpRequestMessage request, CancellationToken cancellationToken)
   at Microsoft.Azure.Cosmos.DocumentClient.HttpRequestMessageHandler.SendAsync(HttpRequestMessage request, CancellationToken cancellationToken)
   at System.Net.Http.HttpClient.FinishSendAsyncUnbuffered(Task`1 sendTask, HttpRequestMessage request, CancellationTokenSource cts, Boolean disposeCts)
   at Microsoft.Azure.Cosmos.ClientExtensions.GetAsync(HttpClient client, Uri uri, INameValueCollection additionalHeaders, CancellationToken cancellationToken)
   at Microsoft.Azure.Cosmos.GatewayAccountReader.GetDatabaseAccountAsync(Uri serviceEndpoint)
   at Microsoft.Azure.Cosmos.Routing.GlobalEndpointManager.GetDatabaseAccountFromAnyLocationsAsync(Uri defaultEndpoint, IList`1 locations, Func`2 getDatabaseAccountFn)
   at Microsoft.Azure.Cosmos.GatewayAccountReader.InitializeReaderAsync()
   at Microsoft.Azure.Cosmos.CosmosAccountServiceConfiguration.InitializeAsync()
   at Microsoft.Azure.Cosmos.DocumentClient.InitializeGatewayConfigurationReaderAsync()
   at Microsoft.Azure.Cosmos.DocumentClient.GetInitializationTaskAsync(IStoreClientFactory storeClientFactory)
   at Microsoft.Azure.Cosmos.DocumentClient.EnsureValidClientAsync()
   at Microsoft.Azure.Cosmos.Handlers.RequestInvokerHandler.EnsureValidClientAsync(RequestMessage request)
   at Microsoft.Azure.Cosmos.Handlers.RequestInvokerHandler.SendAsync(RequestMessage request, CancellationToken cancellationToken)
   at Microsoft.Azure.Cosmos.Handlers.RequestInvokerHandler.SendAsync(String resourceUriString, ResourceType resourceType, OperationType operationType, RequestOptions requestOptions, ContainerInternal cosmosContainerCore, Nullable`1 partitionKey, Stream streamPayload, Action`1 requestEnricher, CosmosDiagnosticsContext diagnosticsContext, CancellationToken cancellationToken)
   at Microsoft.Azure.Cosmos.CosmosClient.<>c__DisplayClass30_0.<<CreateDatabaseIfNotExistsAsync>b__0>d.MoveNext()
--- End of stack trace from previous location where exception was thrown ---
   at Microsoft.Azure.Cosmos.ClientContextCore.RunWithDiagnosticsHelperAsync[TResult](CosmosDiagnosticsContext diagnosticsContext, Func`2 task)
   at Microsoft.EntityFrameworkCore.Cosmos.Storage.Internal.CosmosClientWrapper.CreateDatabaseIfNotExistsOnceAsync(DbContext _, Object __, CancellationToken cancellationToken)
   at Microsoft.EntityFrameworkCore.Cosmos.Storage.Internal.CosmosClientWrapper.CreateDatabaseIfNotExistsOnce(DbContext context, Object state)
   at Microsoft.EntityFrameworkCore.Storage.ExecutionStrategy.ExecuteImplementation[TState,TResult](Func`3 operation, Func`3 verifySucceeded, TState state)
   at Microsoft.EntityFrameworkCore.Storage.ExecutionStrategy.Execute[TState,TResult](TState state, Func`3 operation, Func`3 verifySucceeded)
   at Microsoft.EntityFrameworkCore.Cosmos.Storage.Internal.CosmosClientWrapper.CreateDatabaseIfNotExists()
   at Microsoft.EntityFrameworkCore.Cosmos.Storage.Internal.CosmosDatabaseCreator.EnsureCreated()
   at Microsoft.EntityFrameworkCore.Infrastructure.DatabaseFacade.EnsureCreated()
   at FrameWork.Authentication.Infrastructure.Repositories.IdentityUserQuery..ctor(DBContext ctx) in D:\TFS\MobiCare\Microservices\Authentication\Infrastructure\Repositories\IdentityUserQuery.cs:line 18
--- End of stack trace from previous location where exception was thrown ---
   at Microsoft.Extensions.DependencyInjection.ServiceLookup.CallSiteRuntimeResolver.VisitConstructor(ConstructorCallSite constructorCallSite, RuntimeResolverContext context)
   at Microsoft.Extensions.DependencyInjection.ServiceLookup.CallSiteVisitor`2.VisitCallSiteMain(ServiceCallSite callSite, TArgument argument)
   at Microsoft.Extensions.DependencyInjection.ServiceLookup.CallSiteRuntimeResolver.VisitCache(ServiceCallSite callSite, RuntimeResolverContext context, ServiceProviderEngineScope serviceProviderEngine, RuntimeResolverLock lockType)
   at Microsoft.Extensions.DependencyInjection.ServiceLookup.CallSiteRuntimeResolver.VisitScopeCache(ServiceCallSite singletonCallSite, RuntimeResolverContext context)
   at Microsoft.Extensions.DependencyInjection.ServiceLookup.CallSiteVisitor`2.VisitCallSite(ServiceCallSite callSite, TArgument argument)
   at Microsoft.Extensions.DependencyInjection.ServiceLookup.CallSiteRuntimeResolver.Resolve(ServiceCallSite callSite, ServiceProviderEngineScope scope)
   at Microsoft.Extensions.DependencyInjection.ServiceLookup.DynamicServiceProviderEngine.<>c__DisplayClass1_0.<RealizeService>b__0(ServiceProviderEngineScope scope)
   at Microsoft.Extensions.DependencyInjection.ServiceLookup.ServiceProviderEngine.GetService(Type serviceType, ServiceProviderEngineScope serviceProviderEngineScope)
   at Microsoft.Extensions.DependencyInjection.ServiceLookup.ServiceProviderEngineScope.GetService(Type serviceType)
   at Microsoft.Extensions.DependencyInjection.ActivatorUtilities.GetService(IServiceProvider sp, Type type, Type requiredBy, Boolean isDefaultParameterRequired)
   at lambda_method(Closure , IServiceProvider , Object[] )
   at Microsoft.AspNetCore.Mvc.Controllers.ControllerActivatorProvider.<>c__DisplayClass4_0.<CreateActivator>b__0(ControllerContext controllerContext)
   at Microsoft.AspNetCore.Mvc.Controllers.ControllerFactoryProvider.<>c__DisplayClass5_0.<CreateControllerFactory>g__CreateController|0(ControllerContext controllerContext)
   at Microsoft.AspNetCore.Mvc.Infrastructure.ControllerActionInvoker.Next(State& next, Scope& scope, Object& state, Boolean& isCompleted)
   at Microsoft.AspNetCore.Mvc.Infrastructure.ControllerActionInvoker.InvokeInnerFilterAsync()
--- End of stack trace from previous location where exception was thrown ---
   at Microsoft.AspNetCore.Mvc.Infrastructure.ResourceInvoker.<InvokeNextResourceFilter>g__Awaited|24_0(ResourceInvoker invoker, Task lastTask, State next, Scope scope, Object state, Boolean isCompleted)
   at Microsoft.AspNetCore.Mvc.Infrastructure.ResourceInvoker.Rethrow(ResourceExecutedContextSealed context)
   at Microsoft.AspNetCore.Mvc.Infrastructure.ResourceInvoker.Next(State& next, Scope& scope, Object& state, Boolean& isCompleted)
   at Microsoft.AspNetCore.Mvc.Infrastructure.ResourceInvoker.InvokeFilterPipelineAsync()
--- End of stack trace from previous location where exception was thrown ---
   at Microsoft.AspNetCore.Mvc.Infrastructure.ResourceInvoker.<InvokeAsync>g__Awaited|17_0(ResourceInvoker invoker, Task task, IDisposable scope)
   at Microsoft.AspNetCore.Routing.EndpointMiddleware.<Invoke>g__AwaitRequestTask|6_0(Endpoint endpoint, Task requestTask, ILogger logger)
   at Swashbuckle.AspNetCore.SwaggerUI.SwaggerUIMiddleware.Invoke(HttpContext httpContext)
   at Swashbuckle.AspNetCore.Swagger.SwaggerMiddleware.Invoke(HttpContext httpContext, ISwaggerProvider swaggerProvider)
   at Microsoft.AspNetCore.Authorization.AuthorizationMiddleware.Invoke(HttpContext context)
   at Microsoft.AspNetCore.Authentication.AuthenticationMiddleware.Invoke(HttpContext context)
   at Microsoft.AspNetCore.Diagnostics.DeveloperExceptionPageMiddleware.Invoke(HttpContext context)|url: http://localhost/api/IdentityUserQuery/Authorize|action: Authorize
2021-07-02 10:00:41.8545||INFO|FrameWork.Authentication.API.Queries.IdentityUserQueryController|Identity User Authorize Starting |url: http://localhost/api/IdentityUserQuery/Authorize|action: Authorize
2021-07-02 10:02:49.6384||DEBUG|FrameWork.Authentication.Program|init main |url: |action: 
2021-07-02 10:02:52.3610|3|WARN|Microsoft.AspNetCore.HttpsPolicy.HttpsRedirectionMiddleware|Failed to determine the https port for redirect. |url: http://localhost/Swagger|action: 
2021-07-02 10:03:25.5127||INFO|FrameWork.Authentication.API.Queries.IdentityUserQueryController|Identity User Authorize Starting |url: http://localhost/api/IdentityUserQuery/Authorize|action: Authorize
2021-07-02 11:06:05.2197||DEBUG|FrameWork.Authentication.Program|init main |url: |action: 
2021-07-02 11:06:11.0249|3|WARN|Microsoft.AspNetCore.HttpsPolicy.HttpsRedirectionMiddleware|Failed to determine the https port for redirect. |url: http://localhost/swagger/v1/swagger.json|action: 
2021-07-02 12:08:15.3463||INFO|FrameWork.Authentication.API.Queries.IdentityUserQueryController|Identity User Authorize Starting |url: http://localhost/api/IdentityUserQuery/Authorize|action: Authorize
2021-07-02 12:22:59.3076||INFO|FrameWork.Authentication.API.Queries.IdentityUserQueryController|Identity User Authorize Starting |url: http://localhost/api/IdentityUserQuery/Authorize|action: Authorize
2021-07-02 12:24:03.4665||INFO|FrameWork.Authentication.API.Queries.IdentityUserQueryController|Identity User Authorize Starting |url: http://localhost/api/IdentityUserQuery/Authorize|action: Authorize
2021-07-02 12:26:14.8651||INFO|FrameWork.Authentication.API.Queries.IdentityUserQueryController|Identity User Authorize Starting |url: http://localhost/api/IdentityUserQuery/Authorize|action: Authorize
2021-07-02 12:27:30.3099||INFO|FrameWork.Authentication.API.Queries.IdentityUserQueryController|Identity User Authorize Starting |url: http://localhost/api/IdentityUserQuery/Authorize|action: Authorize
2021-07-02 14:03:12.1013||DEBUG|FrameWork.Authentication.Program|init main |url: |action: 
2021-07-02 14:03:14.9627|3|WARN|Microsoft.AspNetCore.HttpsPolicy.HttpsRedirectionMiddleware|Failed to determine the https port for redirect. |url: http://localhost/swagger/v1/swagger.json|action: 
2021-07-02 14:04:16.5647||INFO|FrameWork.Authentication.API.Queries.IdentityUserQueryController|Identity User Authorize Starting |url: http://localhost/api/IdentityUserQuery/Authorize|action: Authorize
2021-07-02 15:03:10.7356||INFO|FrameWork.Authentication.API.Queries.IdentityUserQueryController|Identity User Authorize Starting |url: http://localhost/api/IdentityUserQuery/Authorize|action: Authorize
2021-07-02 15:06:39.0069||INFO|FrameWork.Authentication.API.Queries.IdentityUserQueryController|Identity User Authorize Starting |url: http://localhost/api/IdentityUserQuery/Authorize|action: Authorize
2021-07-02 15:30:03.9085||INFO|FrameWork.Authentication.API.Queries.IdentityUserQueryController|Identity User Authorize Starting |url: http://localhost/api/IdentityUserQuery/Authorize|action: Authorize
2021-07-02 15:48:22.7956||INFO|FrameWork.Authentication.API.Command.IdentityUserController|Identity User update Starting |url: http://localhost/api/IdentityUser/UPDATE|action: UPDATE
2021-07-02 15:48:22.8857||INFO|FrameWork.Authentication.API.Command.IdentityUserController|Identity User update completed successfully |url: http://localhost/api/IdentityUser/UPDATE|action: UPDATE
2021-07-02 15:48:51.4800||INFO|FrameWork.Authentication.API.Queries.IdentityUserQueryController|Identity User Authorize Starting |url: http://localhost/api/IdentityUserQuery/Authorize|action: Authorize
2021-07-02 15:48:51.4971||INFO|FrameWork.Authentication.API.Queries.IdentityUserQueryController|Identity User Authorize invalid username and password |url: http://localhost/api/IdentityUserQuery/Authorize|action: Authorize
2021-07-02 15:48:52.7464||INFO|FrameWork.Authentication.API.Queries.IdentityUserQueryController|Identity User Authorize Starting |url: http://localhost/api/IdentityUserQuery/Authorize|action: Authorize
2021-07-02 15:48:52.7577||INFO|FrameWork.Authentication.API.Queries.IdentityUserQueryController|Identity User Authorize invalid username and password |url: http://localhost/api/IdentityUserQuery/Authorize|action: Authorize
2021-07-02 15:48:57.6075||INFO|FrameWork.Authentication.API.Queries.IdentityUserQueryController|Identity User Authorize Starting |url: http://localhost/api/IdentityUserQuery/Authorize|action: Authorize
2021-07-02 15:48:57.6188||INFO|FrameWork.Authentication.API.Queries.IdentityUserQueryController|Identity User Authorize invalid username and password |url: http://localhost/api/IdentityUserQuery/Authorize|action: Authorize
2021-07-02 15:49:16.7392||INFO|FrameWork.Authentication.API.Queries.IdentityUserQueryController|Identity User Authorize Starting |url: http://localhost/api/IdentityUserQuery/Authorize|action: Authorize
2021-07-02 15:49:16.7392||INFO|FrameWork.Authentication.API.Queries.IdentityUserQueryController|Identity User Authorize invalid username and password |url: http://localhost/api/IdentityUserQuery/Authorize|action: Authorize
2021-07-02 15:49:48.6186||INFO|FrameWork.Authentication.API.Queries.IdentityUserQueryController|Identity User Authorize Starting |url: http://localhost/api/IdentityUserQuery/Authorize|action: Authorize
2021-07-02 15:49:48.6319||INFO|FrameWork.Authentication.API.Queries.IdentityUserQueryController|Identity User Authorize invalid username and password |url: http://localhost/api/IdentityUserQuery/Authorize|action: Authorize
2021-07-02 15:50:21.0506||INFO|FrameWork.Authentication.API.Command.IdentityUserController|Identity User POST Starting |url: http://localhost/api/IdentityUser/POST|action: POST
2021-07-02 15:50:21.0907||INFO|FrameWork.Authentication.API.Command.IdentityUserController|Identity User POST Completed successfully |url: http://localhost/api/IdentityUser/POST|action: POST
2021-07-02 15:50:23.7265||INFO|FrameWork.Authentication.API.Queries.IdentityUserQueryController|Identity User Authorize Starting |url: http://localhost/api/IdentityUserQuery/Authorize|action: Authorize
2021-07-02 15:51:29.5112||INFO|FrameWork.Authentication.API.Command.IdentityUserController|Identity User update Starting |url: http://localhost/api/IdentityUser/UPDATE|action: UPDATE
2021-07-02 15:51:29.5112||INFO|FrameWork.Authentication.API.Command.IdentityUserController|Identity User update completed successfully |url: http://localhost/api/IdentityUser/UPDATE|action: UPDATE
2021-07-02 15:52:11.6402||INFO|FrameWork.Authentication.API.Command.IdentityUserController|Identity User update Starting |url: http://localhost/api/IdentityUser/UPDATE|action: UPDATE
2021-07-02 15:52:11.6566||INFO|FrameWork.Authentication.API.Command.IdentityUserController|Identity User update completed successfully |url: http://localhost/api/IdentityUser/UPDATE|action: UPDATE
2021-07-02 16:00:54.8417||INFO|FrameWork.Authentication.API.Queries.IdentityUserQueryController|Identity User Authorize Starting |url: http://localhost/api/IdentityUserQuery/Authorize|action: Authorize
2021-07-02 16:00:54.8541||INFO|FrameWork.Authentication.API.Queries.IdentityUserQueryController|Identity User Authorize invalid username and password |url: http://localhost/api/IdentityUserQuery/Authorize|action: Authorize
2021-07-02 16:00:55.7782||INFO|FrameWork.Authentication.API.Queries.IdentityUserQueryController|Identity User Authorize Starting |url: http://localhost/api/IdentityUserQuery/Authorize|action: Authorize
2021-07-02 16:00:55.7884||INFO|FrameWork.Authentication.API.Queries.IdentityUserQueryController|Identity User Authorize invalid username and password |url: http://localhost/api/IdentityUserQuery/Authorize|action: Authorize
2021-07-02 16:00:56.3594||INFO|FrameWork.Authentication.API.Queries.IdentityUserQueryController|Identity User Authorize Starting |url: http://localhost/api/IdentityUserQuery/Authorize|action: Authorize
2021-07-02 16:00:56.3682||INFO|FrameWork.Authentication.API.Queries.IdentityUserQueryController|Identity User Authorize invalid username and password |url: http://localhost/api/IdentityUserQuery/Authorize|action: Authorize
2021-07-02 16:00:56.6496||INFO|FrameWork.Authentication.API.Queries.IdentityUserQueryController|Identity User Authorize Starting |url: http://localhost/api/IdentityUserQuery/Authorize|action: Authorize
2021-07-02 16:00:56.6496||INFO|FrameWork.Authentication.API.Queries.IdentityUserQueryController|Identity User Authorize invalid username and password |url: http://localhost/api/IdentityUserQuery/Authorize|action: Authorize
2021-07-02 16:00:57.2299||INFO|FrameWork.Authentication.API.Queries.IdentityUserQueryController|Identity User Authorize Starting |url: http://localhost/api/IdentityUserQuery/Authorize|action: Authorize
2021-07-02 16:00:57.2299||INFO|FrameWork.Authentication.API.Queries.IdentityUserQueryController|Identity User Authorize invalid username and password |url: http://localhost/api/IdentityUserQuery/Authorize|action: Authorize
2021-07-02 16:00:57.6556||INFO|FrameWork.Authentication.API.Queries.IdentityUserQueryController|Identity User Authorize Starting |url: http://localhost/api/IdentityUserQuery/Authorize|action: Authorize
2021-07-02 16:00:57.6637||INFO|FrameWork.Authentication.API.Queries.IdentityUserQueryController|Identity User Authorize invalid username and password |url: http://localhost/api/IdentityUserQuery/Authorize|action: Authorize
2021-07-02 16:00:57.9736||INFO|FrameWork.Authentication.API.Queries.IdentityUserQueryController|Identity User Authorize Starting |url: http://localhost/api/IdentityUserQuery/Authorize|action: Authorize
2021-07-02 16:00:57.9813||INFO|FrameWork.Authentication.API.Queries.IdentityUserQueryController|Identity User Authorize invalid username and password |url: http://localhost/api/IdentityUserQuery/Authorize|action: Authorize
2021-07-02 16:01:53.6364||INFO|FrameWork.Authentication.API.Command.IdentityUserController|Identity User POST Starting |url: http://localhost/api/IdentityUser/POST|action: POST
2021-07-02 16:01:53.6490||INFO|FrameWork.Authentication.API.Command.IdentityUserController|Identity User POST Completed successfully |url: http://localhost/api/IdentityUser/POST|action: POST
2021-07-02 16:01:56.0991||INFO|FrameWork.Authentication.API.Queries.IdentityUserQueryController|Identity User Authorize Starting |url: http://localhost/api/IdentityUserQuery/Authorize|action: Authorize
2021-07-02 17:47:10.5264||INFO|FrameWork.Authentication.API.Queries.IdentityUserQueryController|Identity User Authorize Starting |url: http://localhost/api/IdentityUserQuery/Authorize|action: Authorize
2021-07-02 18:12:45.8675||INFO|FrameWork.Authentication.API.Queries.IdentityUserQueryController|Identity User Authorize Starting |url: http://localhost/api/IdentityUserQuery/Authorize|action: Authorize
2021-07-02 18:12:45.8824||INFO|FrameWork.Authentication.API.Queries.IdentityUserQueryController|Identity User Authorize invalid username and password |url: http://localhost/api/IdentityUserQuery/Authorize|action: Authorize
2021-07-02 18:12:53.8536||INFO|FrameWork.Authentication.API.Queries.IdentityUserQueryController|Identity User Authorize Starting |url: http://localhost/api/IdentityUserQuery/Authorize|action: Authorize
2021-07-02 18:12:53.8609||INFO|FrameWork.Authentication.API.Queries.IdentityUserQueryController|Identity User Authorize invalid username and password |url: http://localhost/api/IdentityUserQuery/Authorize|action: Authorize
2021-07-02 18:13:32.0038||INFO|FrameWork.Authentication.API.Queries.IdentityUserQueryController|Identity User Authorize Starting |url: http://localhost/api/IdentityUserQuery/Authorize|action: Authorize
