2021-07-29 09:03:00.0300||DEBUG|FrameWork.Authentication.Program|init main 
2021-07-29 09:03:10.4362|3|WARN|Microsoft.AspNetCore.HttpsPolicy.HttpsRedirectionMiddleware|Failed to determine the https port for redirect. 
2021-07-29 09:03:50.8818||INFO|FrameWork.Authentication.API.Queries.IdentityUserQueryController|Identity User Authorize Starting 
2021-07-29 09:03:53.4993||INFO|FrameWork.Authentication.API.Queries.IdentityUserQueryController|Identity User GetById Starting 
2021-07-29 09:03:53.6236||INFO|FrameWork.Authentication.API.Queries.IdentityUserQueryController|Identity User GetById completed successfully 
2021-07-29 09:10:10.6423||INFO|FrameWork.Authentication.API.Queries.IdentityUserQueryController|Identity User Authorize Starting 
2021-07-29 09:10:10.8493||INFO|FrameWork.Authentication.API.Queries.IdentityUserQueryController|Identity User GetById Starting 
2021-07-29 09:10:10.8666||INFO|FrameWork.Authentication.API.Queries.IdentityUserQueryController|Identity User GetById completed successfully 
2021-07-29 09:15:55.3900||DEBUG|FrameWork.Authentication.Program|init main 
2021-07-29 09:16:01.8834|3|WARN|Microsoft.AspNetCore.HttpsPolicy.HttpsRedirectionMiddleware|Failed to determine the https port for redirect. 
2021-07-29 09:33:59.1993||DEBUG|FrameWork.Authentication.Program|init main 
2021-07-29 09:34:03.7944|3|WARN|Microsoft.AspNetCore.HttpsPolicy.HttpsRedirectionMiddleware|Failed to determine the https port for redirect. 
2021-07-29 10:03:59.5332||DEBUG|FrameWork.Authentication.Program|init main 
2021-07-29 10:04:06.3300|3|WARN|Microsoft.AspNetCore.HttpsPolicy.HttpsRedirectionMiddleware|Failed to determine the https port for redirect. 
2021-07-29 10:29:04.8689||DEBUG|FrameWork.Authentication.Program|init main 
2021-07-29 10:29:09.9674|3|WARN|Microsoft.AspNetCore.HttpsPolicy.HttpsRedirectionMiddleware|Failed to determine the https port for redirect. 
2021-07-29 10:37:40.7678||DEBUG|FrameWork.Authentication.Program|init main 
2021-07-29 10:37:42.7864|3|WARN|Microsoft.AspNetCore.HttpsPolicy.HttpsRedirectionMiddleware|Failed to determine the https port for redirect. 
2021-07-29 10:44:10.8331||DEBUG|FrameWork.Authentication.Program|init main 
2021-07-29 10:44:15.1309|3|WARN|Microsoft.AspNetCore.HttpsPolicy.HttpsRedirectionMiddleware|Failed to determine the https port for redirect. 
2021-07-29 10:50:09.7812||DEBUG|FrameWork.Authentication.Program|init main 
2021-07-29 10:50:14.7374|3|WARN|Microsoft.AspNetCore.HttpsPolicy.HttpsRedirectionMiddleware|Failed to determine the https port for redirect. 
2021-07-29 10:50:40.6895||INFO|FrameWork.Authentication.API.Queries.IdentityUserQueryController|Identity User Authorize Starting 
2021-07-29 10:50:41.9801||INFO|FrameWork.Authentication.API.Queries.IdentityUserQueryController|Identity User GetById Starting 
2021-07-29 10:50:42.0174||INFO|FrameWork.Authentication.API.Queries.IdentityUserQueryController|Identity User GetById completed successfully 
2021-07-29 11:03:19.2367||DEBUG|FrameWork.Authentication.Program|init main 
2021-07-29 11:03:26.2753|3|WARN|Microsoft.AspNetCore.HttpsPolicy.HttpsRedirectionMiddleware|Failed to determine the https port for redirect. 
2021-07-29 11:14:16.5962||DEBUG|FrameWork.Authentication.Program|init main 
2021-07-29 11:14:21.8785|3|WARN|Microsoft.AspNetCore.HttpsPolicy.HttpsRedirectionMiddleware|Failed to determine the https port for redirect. 
2021-07-29 11:22:11.1182||DEBUG|FrameWork.Authentication.Program|init main 
2021-07-29 11:22:16.2846|3|WARN|Microsoft.AspNetCore.HttpsPolicy.HttpsRedirectionMiddleware|Failed to determine the https port for redirect. 
2021-07-29 11:23:26.2438||DEBUG|FrameWork.Authentication.Program|init main 
2021-07-29 11:23:31.9662|3|WARN|Microsoft.AspNetCore.HttpsPolicy.HttpsRedirectionMiddleware|Failed to determine the https port for redirect. 
2021-07-29 11:27:05.8456||DEBUG|FrameWork.Authentication.Program|init main 
2021-07-29 11:27:11.6170|3|WARN|Microsoft.AspNetCore.HttpsPolicy.HttpsRedirectionMiddleware|Failed to determine the https port for redirect. 
2021-07-29 11:32:25.3980||DEBUG|FrameWork.Authentication.Program|init main 
2021-07-29 11:32:28.4074|3|WARN|Microsoft.AspNetCore.HttpsPolicy.HttpsRedirectionMiddleware|Failed to determine the https port for redirect. 
2021-07-29 11:34:19.2627||DEBUG|FrameWork.Authentication.Program|init main 
2021-07-29 11:34:26.2249|3|WARN|Microsoft.AspNetCore.HttpsPolicy.HttpsRedirectionMiddleware|Failed to determine the https port for redirect. 
2021-07-29 11:44:04.1021||DEBUG|FrameWork.Authentication.Program|init main 
2021-07-29 11:44:09.0149|3|WARN|Microsoft.AspNetCore.HttpsPolicy.HttpsRedirectionMiddleware|Failed to determine the https port for redirect. 
2021-07-29 11:54:25.7120||DEBUG|FrameWork.Authentication.Program|init main 
2021-07-29 11:54:32.2758|3|WARN|Microsoft.AspNetCore.HttpsPolicy.HttpsRedirectionMiddleware|Failed to determine the https port for redirect. 
2021-07-29 12:03:33.6373||DEBUG|FrameWork.Authentication.Program|init main 
2021-07-29 12:03:38.2072|3|WARN|Microsoft.AspNetCore.HttpsPolicy.HttpsRedirectionMiddleware|Failed to determine the https port for redirect. 
2021-07-29 12:10:42.1208||DEBUG|FrameWork.Authentication.Program|init main 
2021-07-29 12:10:47.8619|3|WARN|Microsoft.AspNetCore.HttpsPolicy.HttpsRedirectionMiddleware|Failed to determine the https port for redirect. 
2021-07-29 12:14:21.9890||DEBUG|FrameWork.Authentication.Program|init main 
2021-07-29 12:14:27.1283|3|WARN|Microsoft.AspNetCore.HttpsPolicy.HttpsRedirectionMiddleware|Failed to determine the https port for redirect. 
2021-07-29 12:16:19.9515||INFO|FrameWork.Authentication.API.Queries.IdentityUserQueryController|Identity User Authorize Starting 
2021-07-29 12:16:21.0370||INFO|FrameWork.Authentication.API.Queries.IdentityUserQueryController|Identity User GetById Starting 
2021-07-29 12:16:21.0827||INFO|FrameWork.Authentication.API.Queries.IdentityUserQueryController|Identity User GetById completed successfully 
2021-07-29 12:19:12.2948||INFO|FrameWork.Authentication.API.Queries.IdentityUserQueryController|Identity User Authorize Starting 
2021-07-29 12:19:12.3789||INFO|FrameWork.Authentication.API.Queries.IdentityUserQueryController|Identity User GetById Starting 
2021-07-29 12:19:12.3896||INFO|FrameWork.Authentication.API.Queries.IdentityUserQueryController|Identity User GetById completed successfully 
2021-07-29 12:19:40.5310||INFO|FrameWork.Authentication.API.Queries.IdentityUserQueryController|Identity User Authorize Starting 
2021-07-29 12:19:40.6420||INFO|FrameWork.Authentication.API.Queries.IdentityUserQueryController|Identity User GetById Starting 
2021-07-29 12:19:40.6540||INFO|FrameWork.Authentication.API.Queries.IdentityUserQueryController|Identity User GetById completed successfully 
2021-07-29 12:20:33.6818||INFO|FrameWork.Authentication.API.Queries.IdentityUserQueryController|Identity User Authorize Starting 
2021-07-29 12:20:33.8021||INFO|FrameWork.Authentication.API.Queries.IdentityUserQueryController|Identity User GetById Starting 
2021-07-29 12:20:33.8176||INFO|FrameWork.Authentication.API.Queries.IdentityUserQueryController|Identity User GetById completed successfully 
2021-07-29 14:19:35.2916||DEBUG|FrameWork.Authentication.Program|init main 
2021-07-29 14:19:39.6067|3|WARN|Microsoft.AspNetCore.HttpsPolicy.HttpsRedirectionMiddleware|Failed to determine the https port for redirect. 
2021-07-29 14:20:30.7154||INFO|FrameWork.Authentication.API.Queries.IdentityUserQueryController|Identity User Authorize Starting 
2021-07-29 14:20:32.1246||INFO|FrameWork.Authentication.API.Queries.IdentityUserQueryController|Identity User GetById Starting 
2021-07-29 14:20:32.1694||INFO|FrameWork.Authentication.API.Queries.IdentityUserQueryController|Identity User GetById completed successfully 
2021-07-29 14:21:08.0536||INFO|FrameWork.Authentication.API.Queries.IdentityUserQueryController|Identity User Authorize Starting 
2021-07-29 14:21:08.6432||INFO|FrameWork.Authentication.API.Queries.IdentityUserQueryController|Identity User GetById Starting 
2021-07-29 14:21:08.6876||INFO|FrameWork.Authentication.API.Queries.IdentityUserQueryController|Identity User GetById completed successfully 
2021-07-29 14:23:33.5003||INFO|FrameWork.Authentication.API.Queries.IdentityUserQueryController|Identity User Authorize Starting 
2021-07-29 14:23:33.5896||INFO|FrameWork.Authentication.API.Queries.IdentityUserQueryController|Identity User GetById Starting 
2021-07-29 14:23:33.6038||INFO|FrameWork.Authentication.API.Queries.IdentityUserQueryController|Identity User GetById completed successfully 
2021-07-29 14:24:07.4323||INFO|FrameWork.Authentication.API.Queries.IdentityUserQueryController|Identity User Authorize Starting 
2021-07-29 14:24:07.5265||INFO|FrameWork.Authentication.API.Queries.IdentityUserQueryController|Identity User GetById Starting 
2021-07-29 14:24:07.5496||INFO|FrameWork.Authentication.API.Queries.IdentityUserQueryController|Identity User GetById completed successfully 
2021-07-29 14:25:46.8300||DEBUG|FrameWork.Authentication.Program|init main 
2021-07-29 14:25:51.5895|3|WARN|Microsoft.AspNetCore.HttpsPolicy.HttpsRedirectionMiddleware|Failed to determine the https port for redirect. 
2021-07-29 14:27:02.1143||INFO|FrameWork.Authentication.API.Queries.IdentityUserQueryController|Identity User Authorize Starting 
2021-07-29 14:27:02.9113||INFO|FrameWork.Authentication.API.Queries.IdentityUserQueryController|Identity User GetById Starting 
2021-07-29 14:27:02.9434||INFO|FrameWork.Authentication.API.Queries.IdentityUserQueryController|Identity User GetById completed successfully 
2021-07-29 14:35:10.5224||DEBUG|FrameWork.Authentication.Program|init main 
2021-07-29 14:35:14.8202|3|WARN|Microsoft.AspNetCore.HttpsPolicy.HttpsRedirectionMiddleware|Failed to determine the https port for redirect. 
2021-07-29 14:38:48.6936||DEBUG|FrameWork.Authentication.Program|init main 
2021-07-29 14:38:52.7887|3|WARN|Microsoft.AspNetCore.HttpsPolicy.HttpsRedirectionMiddleware|Failed to determine the https port for redirect. 
2021-07-29 15:02:30.6749||DEBUG|FrameWork.Authentication.Program|init main 
2021-07-29 15:02:34.2733|3|WARN|Microsoft.AspNetCore.HttpsPolicy.HttpsRedirectionMiddleware|Failed to determine the https port for redirect. 
2021-07-29 15:10:39.9195||DEBUG|FrameWork.Authentication.Program|init main 
2021-07-29 15:10:45.4647|3|WARN|Microsoft.AspNetCore.HttpsPolicy.HttpsRedirectionMiddleware|Failed to determine the https port for redirect. 
2021-07-29 15:17:26.1178||INFO|FrameWork.Authentication.API.Queries.IdentityUserQueryController|Identity User Authorize Starting 
2021-07-29 15:17:26.9255||INFO|FrameWork.Authentication.API.Queries.IdentityUserQueryController|Identity User GetById Starting 
2021-07-29 15:17:26.9676||INFO|FrameWork.Authentication.API.Queries.IdentityUserQueryController|Identity User GetById completed successfully 
2021-07-29 18:28:55.1741||DEBUG|FrameWork.Authentication.Program|init main 
2021-07-29 18:29:08.8414|3|WARN|Microsoft.AspNetCore.HttpsPolicy.HttpsRedirectionMiddleware|Failed to determine the https port for redirect. 
2021-07-29 18:30:37.5186||INFO|FrameWork.Authentication.API.Queries.IdentityUserQueryController|Identity User Authorize Starting 
2021-07-29 18:30:39.7425||INFO|FrameWork.Authentication.API.Queries.IdentityUserQueryController|Identity User GetById Starting 
2021-07-29 18:30:39.7992||INFO|FrameWork.Authentication.API.Queries.IdentityUserQueryController|Identity User GetById completed successfully 
2021-07-29 19:07:09.4195||INFO|FrameWork.Authentication.API.Queries.IdentityUserQueryController|Identity User Authorize Starting 
2021-07-29 19:07:10.0108||INFO|FrameWork.Authentication.API.Queries.IdentityUserQueryController|Identity User GetById Starting 
2021-07-29 19:07:10.0311||INFO|FrameWork.Authentication.API.Queries.IdentityUserQueryController|Identity User GetById completed successfully 
