2021-08-12 09:29:22.1294||DEBUG|FrameWork.Authentication.Program|init main |url: |action: 
2021-08-12 09:29:26.2006|3|WARN|Microsoft.AspNetCore.HttpsPolicy.HttpsRedirectionMiddleware|Failed to determine the https port for redirect. |url: http://localhost/Swagger|action: 
2021-08-12 09:30:27.6887||INFO|FrameWork.Authentication.API.Queries.IdentityUserQueryController|Identity User Authorize Starting |url: http://localhost/api/IdentityUserQuery/Authorize|action: Authorize
2021-08-12 09:30:33.3261||INFO|FrameWork.Authentication.API.Queries.IdentityUserQueryController|Identity User GetById Starting |url: http://localhost/api/IdentityUserQuery/GetById|action: GetById
2021-08-12 09:30:34.7899||INFO|FrameWork.Authentication.API.Queries.IdentityUserQueryController|Identity User GetById completed successfully |url: http://localhost/api/IdentityUserQuery/GetById|action: GetById
2021-08-12 09:41:18.3240||INFO|FrameWork.Authentication.API.Queries.IdentityUserQueryController|Identity User Authorize Starting |url: http://localhost/api/IdentityUserQuery/Authorize|action: Authorize
2021-08-12 09:41:20.6355||INFO|FrameWork.Authentication.API.Queries.IdentityUserQueryController|Identity User GetById Starting |url: http://localhost/api/IdentityUserQuery/GetById|action: GetById
2021-08-12 09:41:20.9018||INFO|FrameWork.Authentication.API.Queries.IdentityUserQueryController|Identity User GetById completed successfully |url: http://localhost/api/IdentityUserQuery/GetById|action: GetById
2021-08-12 09:44:10.1667||INFO|FrameWork.Authentication.API.Queries.IdentityUserQueryController|Identity User Authorize Starting |url: http://localhost/api/IdentityUserQuery/Authorize|action: Authorize
2021-08-12 09:44:11.0276||INFO|FrameWork.Authentication.API.Queries.IdentityUserQueryController|Identity User GetById Starting |url: http://localhost/api/IdentityUserQuery/GetById|action: GetById
2021-08-12 09:44:12.5666||INFO|FrameWork.Authentication.API.Queries.IdentityUserQueryController|Identity User GetById completed successfully |url: http://localhost/api/IdentityUserQuery/GetById|action: GetById
2021-08-12 09:50:43.1794||INFO|FrameWork.Authentication.API.Queries.IdentityUserQueryController|Identity User Authorize Starting |url: http://localhost/api/IdentityUserQuery/Authorize|action: Authorize
2021-08-12 09:50:44.1049||INFO|FrameWork.Authentication.API.Queries.IdentityUserQueryController|Identity User GetById Starting |url: http://localhost/api/IdentityUserQuery/GetById|action: GetById
2021-08-12 09:50:44.3663||INFO|FrameWork.Authentication.API.Queries.IdentityUserQueryController|Identity User GetById completed successfully |url: http://localhost/api/IdentityUserQuery/GetById|action: GetById
2021-08-12 09:57:05.1366||INFO|FrameWork.Authentication.API.Queries.IdentityUserQueryController|Identity User Authorize Starting |url: http://localhost/api/IdentityUserQuery/Authorize|action: Authorize
2021-08-12 09:57:06.0393||INFO|FrameWork.Authentication.API.Queries.IdentityUserQueryController|Identity User GetById Starting |url: http://localhost/api/IdentityUserQuery/GetById|action: GetById
2021-08-12 09:57:06.3211||INFO|FrameWork.Authentication.API.Queries.IdentityUserQueryController|Identity User GetById completed successfully |url: http://localhost/api/IdentityUserQuery/GetById|action: GetById
2021-08-12 10:10:09.3169||INFO|FrameWork.Authentication.API.Queries.IdentityUserQueryController|Identity User Authorize Starting |url: http://localhost/api/IdentityUserQuery/Authorize|action: Authorize
2021-08-12 10:10:10.2149||INFO|FrameWork.Authentication.API.Queries.IdentityUserQueryController|Identity User GetById Starting |url: http://localhost/api/IdentityUserQuery/GetById|action: GetById
2021-08-12 10:10:10.4823||INFO|FrameWork.Authentication.API.Queries.IdentityUserQueryController|Identity User GetById completed successfully |url: http://localhost/api/IdentityUserQuery/GetById|action: GetById
2021-08-12 10:10:29.2214||INFO|FrameWork.Authentication.API.Queries.IdentityUserQueryController|Identity User Authorize Starting |url: http://localhost/api/IdentityUserQuery/Authorize|action: Authorize
2021-08-12 10:10:30.3286||INFO|FrameWork.Authentication.API.Queries.IdentityUserQueryController|Identity User GetById Starting |url: http://localhost/api/IdentityUserQuery/GetById|action: GetById
2021-08-12 10:10:30.6205||INFO|FrameWork.Authentication.API.Queries.IdentityUserQueryController|Identity User GetById completed successfully |url: http://localhost/api/IdentityUserQuery/GetById|action: GetById
2021-08-12 10:11:40.4806||INFO|FrameWork.Authentication.API.Queries.IdentityUserQueryController|Identity User Authorize Starting |url: http://localhost/api/IdentityUserQuery/Authorize|action: Authorize
2021-08-12 10:11:41.3996||INFO|FrameWork.Authentication.API.Queries.IdentityUserQueryController|Identity User GetById Starting |url: http://localhost/api/IdentityUserQuery/GetById|action: GetById
2021-08-12 10:11:41.6616||INFO|FrameWork.Authentication.API.Queries.IdentityUserQueryController|Identity User GetById completed successfully |url: http://localhost/api/IdentityUserQuery/GetById|action: GetById
2021-08-12 10:23:51.8788||INFO|FrameWork.Authentication.API.Queries.IdentityUserQueryController|Identity User Authorize Starting |url: http://localhost/api/IdentityUserQuery/Authorize|action: Authorize
2021-08-12 10:23:52.7399||INFO|FrameWork.Authentication.API.Queries.IdentityUserQueryController|Identity User GetById Starting |url: http://localhost/api/IdentityUserQuery/GetById|action: GetById
2021-08-12 10:23:53.0937||INFO|FrameWork.Authentication.API.Queries.IdentityUserQueryController|Identity User GetById completed successfully |url: http://localhost/api/IdentityUserQuery/GetById|action: GetById
2021-08-12 11:22:00.4607||DEBUG|FrameWork.Authentication.Program|init main |url: |action: 
2021-08-12 11:22:03.6948|3|WARN|Microsoft.AspNetCore.HttpsPolicy.HttpsRedirectionMiddleware|Failed to determine the https port for redirect. |url: http://localhost/Swagger|action: 
2021-08-12 11:33:05.0859||DEBUG|FrameWork.Authentication.Program|init main |url: |action: 
2021-08-12 11:33:08.7721|3|WARN|Microsoft.AspNetCore.HttpsPolicy.HttpsRedirectionMiddleware|Failed to determine the https port for redirect. |url: http://localhost/Swagger|action: 
2021-08-12 11:33:24.6437||INFO|FrameWork.Authentication.API.Queries.IdentityUserQueryController|Identity User Authorize Starting |url: http://localhost/api/IdentityUserQuery/Authorize|action: Authorize
2021-08-12 11:33:29.0862||INFO|FrameWork.Authentication.API.Queries.IdentityUserQueryController|Identity User GetById Starting |url: http://localhost/api/IdentityUserQuery/GetById|action: GetById
2021-08-12 11:33:29.4507||INFO|FrameWork.Authentication.API.Queries.IdentityUserQueryController|Identity User GetById completed successfully |url: http://localhost/api/IdentityUserQuery/GetById|action: GetById
2021-08-12 11:36:21.8835||DEBUG|FrameWork.Authentication.Program|init main |url: |action: 
2021-08-12 11:36:26.2055|3|WARN|Microsoft.AspNetCore.HttpsPolicy.HttpsRedirectionMiddleware|Failed to determine the https port for redirect. |url: http://localhost/Swagger|action: 
2021-08-12 11:36:33.2618||INFO|FrameWork.Authentication.API.Queries.IdentityUserQueryController|Identity User Authorize Starting |url: http://localhost/api/IdentityUserQuery/Authorize|action: Authorize
2021-08-12 11:36:37.1260||INFO|FrameWork.Authentication.API.Queries.IdentityUserQueryController|Identity User GetById Starting |url: http://localhost/api/IdentityUserQuery/GetById|action: GetById
2021-08-12 11:36:38.5545||INFO|FrameWork.Authentication.API.Queries.IdentityUserQueryController|Identity User GetById completed successfully |url: http://localhost/api/IdentityUserQuery/GetById|action: GetById
2021-08-12 11:40:24.8056||DEBUG|FrameWork.Authentication.Program|init main |url: |action: 
2021-08-12 11:40:29.7905|3|WARN|Microsoft.AspNetCore.HttpsPolicy.HttpsRedirectionMiddleware|Failed to determine the https port for redirect. |url: http://localhost/Swagger|action: 
2021-08-12 11:47:06.5284||DEBUG|FrameWork.Authentication.Program|init main |url: |action: 
2021-08-12 11:47:10.2564|3|WARN|Microsoft.AspNetCore.HttpsPolicy.HttpsRedirectionMiddleware|Failed to determine the https port for redirect. |url: http://localhost/Swagger|action: 
2021-08-12 11:50:18.0216||DEBUG|FrameWork.Authentication.Program|init main |url: |action: 
2021-08-12 11:50:22.4102|3|WARN|Microsoft.AspNetCore.HttpsPolicy.HttpsRedirectionMiddleware|Failed to determine the https port for redirect. |url: http://localhost/Swagger|action: 
2021-08-12 11:50:36.3749||INFO|FrameWork.Authentication.API.Queries.IdentityUserQueryController|Identity User Authorize Starting |url: http://localhost/api/IdentityUserQuery/Authorize|action: Authorize
2021-08-12 11:50:41.6054||INFO|FrameWork.Authentication.API.Queries.IdentityUserQueryController|Identity User GetById Starting |url: http://localhost/api/IdentityUserQuery/GetById|action: GetById
2021-08-12 11:50:41.9024||INFO|FrameWork.Authentication.API.Queries.IdentityUserQueryController|Identity User GetById completed successfully |url: http://localhost/api/IdentityUserQuery/GetById|action: GetById
2021-08-12 11:55:05.2190||DEBUG|FrameWork.Authentication.Program|init main |url: |action: 
2021-08-12 11:55:09.8428|3|WARN|Microsoft.AspNetCore.HttpsPolicy.HttpsRedirectionMiddleware|Failed to determine the https port for redirect. |url: http://localhost/Swagger|action: 
2021-08-12 11:55:19.1835||INFO|FrameWork.Authentication.API.Queries.IdentityUserQueryController|Identity User Authorize Starting |url: http://localhost/api/IdentityUserQuery/Authorize|action: Authorize
2021-08-12 11:55:23.1717||INFO|FrameWork.Authentication.API.Queries.IdentityUserQueryController|Identity User GetById Starting |url: http://localhost/api/IdentityUserQuery/GetById|action: GetById
2021-08-12 11:55:24.4627||INFO|FrameWork.Authentication.API.Queries.IdentityUserQueryController|Identity User GetById completed successfully |url: http://localhost/api/IdentityUserQuery/GetById|action: GetById
2021-08-12 12:00:14.5378||DEBUG|FrameWork.Authentication.Program|init main |url: |action: 
2021-08-12 12:00:18.3565|3|WARN|Microsoft.AspNetCore.HttpsPolicy.HttpsRedirectionMiddleware|Failed to determine the https port for redirect. |url: http://localhost/Swagger|action: 
2021-08-12 12:00:31.2971||INFO|FrameWork.Authentication.API.Queries.IdentityUserQueryController|Identity User Authorize Starting |url: http://localhost/api/IdentityUserQuery/Authorize|action: Authorize
2021-08-12 12:00:35.3171||INFO|FrameWork.Authentication.API.Queries.IdentityUserQueryController|Identity User GetById Starting |url: http://localhost/api/IdentityUserQuery/GetById|action: GetById
2021-08-12 12:00:36.8292||INFO|FrameWork.Authentication.API.Queries.IdentityUserQueryController|Identity User GetById completed successfully |url: http://localhost/api/IdentityUserQuery/GetById|action: GetById
2021-08-12 12:02:55.2244||DEBUG|FrameWork.Authentication.Program|init main |url: |action: 
2021-08-12 12:02:59.4266|3|WARN|Microsoft.AspNetCore.HttpsPolicy.HttpsRedirectionMiddleware|Failed to determine the https port for redirect. |url: http://localhost/Swagger|action: 
2021-08-12 12:05:19.9899||DEBUG|FrameWork.Authentication.Program|init main |url: |action: 
2021-08-12 12:05:24.3873|3|WARN|Microsoft.AspNetCore.HttpsPolicy.HttpsRedirectionMiddleware|Failed to determine the https port for redirect. |url: http://localhost/Swagger|action: 
2021-08-12 12:05:42.0898||INFO|FrameWork.Authentication.API.Queries.IdentityUserQueryController|Identity User Authorize Starting |url: http://localhost/api/IdentityUserQuery/Authorize|action: Authorize
2021-08-12 12:05:47.2595||INFO|FrameWork.Authentication.API.Queries.IdentityUserQueryController|Identity User GetById Starting |url: http://localhost/api/IdentityUserQuery/GetById|action: GetById
2021-08-12 12:05:47.5612||INFO|FrameWork.Authentication.API.Queries.IdentityUserQueryController|Identity User GetById completed successfully |url: http://localhost/api/IdentityUserQuery/GetById|action: GetById
2021-08-12 12:09:24.0998||INFO|FrameWork.Authentication.API.Queries.IdentityUserQueryController|Identity User Authorize Starting |url: http://localhost/api/IdentityUserQuery/Authorize|action: Authorize
2021-08-12 12:09:24.9727||INFO|FrameWork.Authentication.API.Queries.IdentityUserQueryController|Identity User GetById Starting |url: http://localhost/api/IdentityUserQuery/GetById|action: GetById
2021-08-12 12:09:26.6259||INFO|FrameWork.Authentication.API.Queries.IdentityUserQueryController|Identity User GetById completed successfully |url: http://localhost/api/IdentityUserQuery/GetById|action: GetById
2021-08-12 12:13:08.8488||DEBUG|FrameWork.Authentication.Program|init main |url: |action: 
2021-08-12 12:13:13.2060|3|WARN|Microsoft.AspNetCore.HttpsPolicy.HttpsRedirectionMiddleware|Failed to determine the https port for redirect. |url: http://localhost/Swagger|action: 
2021-08-12 12:22:30.2975||DEBUG|FrameWork.Authentication.Program|init main |url: |action: 
2021-08-12 12:22:34.2653|3|WARN|Microsoft.AspNetCore.HttpsPolicy.HttpsRedirectionMiddleware|Failed to determine the https port for redirect. |url: http://localhost/Swagger|action: 
2021-08-12 12:23:13.0508||DEBUG|FrameWork.Authentication.Program|init main |url: |action: 
2021-08-12 12:23:17.4145|3|WARN|Microsoft.AspNetCore.HttpsPolicy.HttpsRedirectionMiddleware|Failed to determine the https port for redirect. |url: http://localhost/Swagger|action: 
2021-08-12 12:40:01.5567||INFO|FrameWork.Authentication.API.Queries.IdentityUserQueryController|Identity User Authorize Starting |url: http://localhost/api/IdentityUserQuery/Authorize|action: Authorize
2021-08-12 12:40:06.7937||INFO|FrameWork.Authentication.API.Queries.IdentityUserQueryController|Identity User GetById Starting |url: http://localhost/api/IdentityUserQuery/GetById|action: GetById
2021-08-12 12:40:08.1106||INFO|FrameWork.Authentication.API.Queries.IdentityUserQueryController|Identity User GetById completed successfully |url: http://localhost/api/IdentityUserQuery/GetById|action: GetById
2021-08-12 13:02:04.6336||INFO|FrameWork.Authentication.API.Queries.IdentityUserQueryController|Identity User Authorize Starting |url: http://localhost/api/IdentityUserQuery/Authorize|action: Authorize
2021-08-12 13:02:06.6799||INFO|FrameWork.Authentication.API.Queries.IdentityUserQueryController|Identity User GetById Starting |url: http://localhost/api/IdentityUserQuery/GetById|action: GetById
2021-08-12 13:02:06.9602||INFO|FrameWork.Authentication.API.Queries.IdentityUserQueryController|Identity User GetById completed successfully |url: http://localhost/api/IdentityUserQuery/GetById|action: GetById
2021-08-12 13:11:42.9483||INFO|FrameWork.Authentication.API.Queries.IdentityUserQueryController|Identity User Authorize Starting |url: http://localhost/api/IdentityUserQuery/Authorize|action: Authorize
2021-08-12 13:11:45.2428||INFO|FrameWork.Authentication.API.Queries.IdentityUserQueryController|Identity User GetById Starting |url: http://localhost/api/IdentityUserQuery/GetById|action: GetById
2021-08-12 13:11:45.5220||INFO|FrameWork.Authentication.API.Queries.IdentityUserQueryController|Identity User GetById completed successfully |url: http://localhost/api/IdentityUserQuery/GetById|action: GetById
2021-08-12 13:13:06.5838||INFO|FrameWork.Authentication.API.Queries.IdentityUserQueryController|Identity User Authorize Starting |url: http://localhost/api/IdentityUserQuery/Authorize|action: Authorize
2021-08-12 13:13:07.4895||INFO|FrameWork.Authentication.API.Queries.IdentityUserQueryController|Identity User GetById Starting |url: http://localhost/api/IdentityUserQuery/GetById|action: GetById
2021-08-12 13:13:08.5611||INFO|FrameWork.Authentication.API.Queries.IdentityUserQueryController|Identity User GetById completed successfully |url: http://localhost/api/IdentityUserQuery/GetById|action: GetById
2021-08-12 14:32:57.7132||DEBUG|FrameWork.Authentication.Program|init main |url: |action: 
2021-08-12 14:32:59.2652|3|WARN|Microsoft.AspNetCore.HttpsPolicy.HttpsRedirectionMiddleware|Failed to determine the https port for redirect. |url: http://localhost/swagger/v1/swagger.json|action: 
2021-08-12 14:37:05.3508||INFO|FrameWork.Authentication.API.Queries.IdentityUserQueryController|Identity User Authorize Starting |url: http://localhost/api/IdentityUserQuery/Authorize|action: Authorize
2021-08-12 14:37:13.1950||INFO|FrameWork.Authentication.API.Queries.IdentityUserQueryController|Identity User GetById Starting |url: http://localhost/api/IdentityUserQuery/GetById|action: GetById
2021-08-12 14:37:14.6062||INFO|FrameWork.Authentication.API.Queries.IdentityUserQueryController|Identity User GetById completed successfully |url: http://localhost/api/IdentityUserQuery/GetById|action: GetById
2021-08-12 14:56:40.1229||DEBUG|FrameWork.Authentication.Program|init main |url: |action: 
2021-08-12 14:56:44.4098|3|WARN|Microsoft.AspNetCore.HttpsPolicy.HttpsRedirectionMiddleware|Failed to determine the https port for redirect. |url: http://localhost/Swagger|action: 
2021-08-12 14:57:10.6979||INFO|FrameWork.Authentication.API.Queries.IdentityUserQueryController|Identity User Authorize Starting |url: http://localhost/api/IdentityUserQuery/Authorize|action: Authorize
2021-08-12 14:57:23.2043||INFO|FrameWork.Authentication.API.Queries.IdentityUserQueryController|Identity User GetById Starting |url: http://localhost/api/IdentityUserQuery/GetById|action: GetById
2021-08-12 14:57:29.0466||INFO|FrameWork.Authentication.API.Queries.IdentityUserQueryController|Identity User GetById completed successfully |url: http://localhost/api/IdentityUserQuery/GetById|action: GetById
2021-08-12 14:59:09.3442||DEBUG|FrameWork.Authentication.Program|init main |url: |action: 
2021-08-12 14:59:13.4451|3|WARN|Microsoft.AspNetCore.HttpsPolicy.HttpsRedirectionMiddleware|Failed to determine the https port for redirect. |url: http://localhost/Swagger|action: 
2021-08-12 15:01:43.8489||DEBUG|FrameWork.Authentication.Program|init main |url: |action: 
2021-08-12 15:01:46.7514|3|WARN|Microsoft.AspNetCore.HttpsPolicy.HttpsRedirectionMiddleware|Failed to determine the https port for redirect. |url: http://localhost/Swagger|action: 
2021-08-12 15:41:50.7914||INFO|FrameWork.Authentication.API.Queries.IdentityUserQueryController|Identity User Authorize Starting |url: http://localhost/api/IdentityUserQuery/Authorize|action: Authorize
2021-08-12 15:41:55.4476||INFO|FrameWork.Authentication.API.Queries.IdentityUserQueryController|Identity User GetById Starting |url: http://localhost/api/IdentityUserQuery/GetById|action: GetById
2021-08-12 15:41:56.7479||INFO|FrameWork.Authentication.API.Queries.IdentityUserQueryController|Identity User GetById completed successfully |url: http://localhost/api/IdentityUserQuery/GetById|action: GetById
2021-08-12 15:48:24.2798||INFO|FrameWork.Authentication.API.Queries.IdentityUserQueryController|Identity User Authorize Starting |url: http://localhost/api/IdentityUserQuery/Authorize|action: Authorize
2021-08-12 15:48:26.4231||INFO|FrameWork.Authentication.API.Queries.IdentityUserQueryController|Identity User GetById Starting |url: http://localhost/api/IdentityUserQuery/GetById|action: GetById
2021-08-12 15:48:27.6905||INFO|FrameWork.Authentication.API.Queries.IdentityUserQueryController|Identity User GetById completed successfully |url: http://localhost/api/IdentityUserQuery/GetById|action: GetById
2021-08-12 15:49:03.1992||INFO|FrameWork.Authentication.API.Queries.IdentityUserQueryController|Identity User Authorize Starting |url: http://localhost/api/IdentityUserQuery/Authorize|action: Authorize
2021-08-12 15:49:04.0312||INFO|FrameWork.Authentication.API.Queries.IdentityUserQueryController|Identity User GetById Starting |url: http://localhost/api/IdentityUserQuery/GetById|action: GetById
2021-08-12 15:49:04.2856||INFO|FrameWork.Authentication.API.Queries.IdentityUserQueryController|Identity User GetById completed successfully |url: http://localhost/api/IdentityUserQuery/GetById|action: GetById
2021-08-12 15:49:14.7825||INFO|FrameWork.Authentication.API.Queries.IdentityUserQueryController|Identity User Authorize Starting |url: http://localhost/api/IdentityUserQuery/Authorize|action: Authorize
2021-08-12 15:49:15.6317||INFO|FrameWork.Authentication.API.Queries.IdentityUserQueryController|Identity User GetById Starting |url: http://localhost/api/IdentityUserQuery/GetById|action: GetById
2021-08-12 15:49:15.9008||INFO|FrameWork.Authentication.API.Queries.IdentityUserQueryController|Identity User GetById completed successfully |url: http://localhost/api/IdentityUserQuery/GetById|action: GetById
2021-08-12 16:42:09.4091||DEBUG|FrameWork.Authentication.Program|init main |url: |action: 
2021-08-12 16:42:13.4571|3|WARN|Microsoft.AspNetCore.HttpsPolicy.HttpsRedirectionMiddleware|Failed to determine the https port for redirect. |url: http://localhost/Swagger|action: 
