2021-08-11 09:05:25.9011||DEBUG|FrameWork.Authentication.Program|init main |url: |action: 
2021-08-11 09:05:30.4978|3|WARN|Microsoft.AspNetCore.HttpsPolicy.HttpsRedirectionMiddleware|Failed to determine the https port for redirect. |url: http://localhost/swagger/v1/swagger.json|action: 
2021-08-11 09:05:51.2819||INFO|FrameWork.Authentication.API.Queries.IdentityUserQueryController|Identity User Authorize Starting |url: http://localhost/api/IdentityUserQuery/Authorize|action: Authorize
2021-08-11 09:05:52.9668||INFO|FrameWork.Authentication.API.Queries.IdentityUserQueryController|Identity User GetById Starting |url: http://localhost/api/IdentityUserQuery/GetById|action: GetById
2021-08-11 09:05:53.0250||INFO|FrameWork.Authentication.API.Queries.IdentityUserQueryController|Identity User GetById completed successfully |url: http://localhost/api/IdentityUserQuery/GetById|action: GetById
2021-08-11 09:09:16.3745||INFO|FrameWork.Authentication.API.Queries.IdentityUserQueryController|Identity User Authorize Starting |url: http://localhost/api/IdentityUserQuery/Authorize|action: Authorize
2021-08-11 09:09:16.5205||INFO|FrameWork.Authentication.API.Queries.IdentityUserQueryController|Identity User GetById Starting |url: http://localhost/api/IdentityUserQuery/GetById|action: GetById
2021-08-11 09:09:16.5205||INFO|FrameWork.Authentication.API.Queries.IdentityUserQueryController|Identity User GetById completed successfully |url: http://localhost/api/IdentityUserQuery/GetById|action: GetById
2021-08-11 10:34:50.0665||DEBUG|FrameWork.Authentication.Program|init main |url: |action: 
2021-08-11 10:34:54.2596|3|WARN|Microsoft.AspNetCore.HttpsPolicy.HttpsRedirectionMiddleware|Failed to determine the https port for redirect. |url: http://localhost/Swagger|action: 
2021-08-11 10:51:51.1806||DEBUG|FrameWork.Authentication.Program|init main |url: |action: 
2021-08-11 10:51:56.4482|3|WARN|Microsoft.AspNetCore.HttpsPolicy.HttpsRedirectionMiddleware|Failed to determine the https port for redirect. |url: http://localhost/Swagger|action: 
2021-08-11 10:53:36.3262||INFO|FrameWork.Authentication.API.Command.IdentityUserController|Identity User POST Starting |url: http://localhost/api/IdentityUser/POST|action: POST
2021-08-11 10:53:39.3282||INFO|FrameWork.Authentication.API.Command.IdentityUserController|Identity User POST Completed successfully |url: http://localhost/api/IdentityUser/POST|action: POST
2021-08-11 10:54:33.4686||INFO|FrameWork.Authentication.API.Queries.IdentityUserQueryController|Identity User Authorize Starting |url: http://localhost/api/IdentityUserQuery/Authorize|action: Authorize
2021-08-11 11:01:16.8949||DEBUG|FrameWork.Authentication.Program|init main |url: |action: 
2021-08-11 11:01:20.2614|3|WARN|Microsoft.AspNetCore.HttpsPolicy.HttpsRedirectionMiddleware|Failed to determine the https port for redirect. |url: http://localhost/Swagger|action: 
2021-08-11 11:02:05.0010||INFO|FrameWork.Authentication.API.Queries.IdentityUserQueryController|Identity User Authorize Starting |url: http://localhost/api/IdentityUserQuery/Authorize|action: Authorize
2021-08-11 11:02:10.1232||INFO|FrameWork.Authentication.API.Queries.IdentityUserQueryController|Identity User GetById Starting |url: http://localhost/api/IdentityUserQuery/GetById|action: GetById
2021-08-11 11:02:11.5524||INFO|FrameWork.Authentication.API.Queries.IdentityUserQueryController|Identity User GetById completed successfully |url: http://localhost/api/IdentityUserQuery/GetById|action: GetById
2021-08-11 12:19:16.6216||DEBUG|FrameWork.Authentication.Program|init main |url: |action: 
2021-08-11 12:19:18.9670|3|WARN|Microsoft.AspNetCore.HttpsPolicy.HttpsRedirectionMiddleware|Failed to determine the https port for redirect. |url: http://localhost/Swagger|action: 
2021-08-11 13:25:22.8722||INFO|FrameWork.Authentication.API.Queries.IdentityUserQueryController|Identity User Authorize Starting |url: http://localhost/api/IdentityUserQuery/Authorize|action: Authorize
2021-08-11 13:25:27.3670||INFO|FrameWork.Authentication.API.Queries.IdentityUserQueryController|Identity User GetById Starting |url: http://localhost/api/IdentityUserQuery/GetById|action: GetById
2021-08-11 13:25:28.9047||INFO|FrameWork.Authentication.API.Queries.IdentityUserQueryController|Identity User GetById completed successfully |url: http://localhost/api/IdentityUserQuery/GetById|action: GetById
2021-08-11 13:44:40.4760||INFO|FrameWork.Authentication.API.Queries.IdentityUserQueryController|Identity User Authorize Starting |url: http://localhost/api/IdentityUserQuery/Authorize|action: Authorize
2021-08-11 13:44:43.8872||INFO|FrameWork.Authentication.API.Queries.IdentityUserQueryController|Identity User GetById Starting |url: http://localhost/api/IdentityUserQuery/GetById|action: GetById
2021-08-11 13:44:44.1804||INFO|FrameWork.Authentication.API.Queries.IdentityUserQueryController|Identity User GetById completed successfully |url: http://localhost/api/IdentityUserQuery/GetById|action: GetById
2021-08-11 13:51:30.9570||INFO|FrameWork.Authentication.API.Queries.IdentityUserQueryController|Identity User Authorize Starting |url: http://localhost/api/IdentityUserQuery/Authorize|action: Authorize
2021-08-11 13:51:31.9282||INFO|FrameWork.Authentication.API.Queries.IdentityUserQueryController|Identity User GetById Starting |url: http://localhost/api/IdentityUserQuery/GetById|action: GetById
2021-08-11 13:51:32.2390||INFO|FrameWork.Authentication.API.Queries.IdentityUserQueryController|Identity User GetById completed successfully |url: http://localhost/api/IdentityUserQuery/GetById|action: GetById
2021-08-11 14:17:29.6089||INFO|FrameWork.Authentication.API.Queries.IdentityUserQueryController|Identity User Authorize Starting |url: http://localhost/api/IdentityUserQuery/Authorize|action: Authorize
2021-08-11 14:17:31.7009||INFO|FrameWork.Authentication.API.Queries.IdentityUserQueryController|Identity User GetById Starting |url: http://localhost/api/IdentityUserQuery/GetById|action: GetById
2021-08-11 14:17:31.9993||INFO|FrameWork.Authentication.API.Queries.IdentityUserQueryController|Identity User GetById completed successfully |url: http://localhost/api/IdentityUserQuery/GetById|action: GetById
2021-08-11 15:05:32.5510||INFO|FrameWork.Authentication.API.Queries.IdentityUserQueryController|Identity User Authorize Starting |url: http://localhost/api/IdentityUserQuery/Authorize|action: Authorize
2021-08-11 15:05:35.8166||INFO|FrameWork.Authentication.API.Queries.IdentityUserQueryController|Identity User Authorize invalid username and password |url: http://localhost/api/IdentityUserQuery/Authorize|action: Authorize
2021-08-11 15:05:42.9839||INFO|FrameWork.Authentication.API.Queries.IdentityUserQueryController|Identity User Authorize Starting |url: http://localhost/api/IdentityUserQuery/Authorize|action: Authorize
2021-08-11 15:05:44.2732||INFO|FrameWork.Authentication.API.Queries.IdentityUserQueryController|Identity User Authorize invalid username and password |url: http://localhost/api/IdentityUserQuery/Authorize|action: Authorize
2021-08-11 15:09:47.5793||INFO|FrameWork.Authentication.API.Queries.IdentityUserQueryController|Identity User Authorize Starting |url: http://localhost/api/IdentityUserQuery/Authorize|action: Authorize
2021-08-11 15:09:48.4961||INFO|FrameWork.Authentication.API.Queries.IdentityUserQueryController|Identity User GetById Starting |url: http://localhost/api/IdentityUserQuery/GetById|action: GetById
2021-08-11 15:09:48.7550||INFO|FrameWork.Authentication.API.Queries.IdentityUserQueryController|Identity User GetById completed successfully |url: http://localhost/api/IdentityUserQuery/GetById|action: GetById
2021-08-11 16:37:33.0027||INFO|FrameWork.Authentication.API.Queries.IdentityUserQueryController|Identity User Authorize Starting |url: http://localhost/api/IdentityUserQuery/Authorize|action: Authorize
2021-08-11 16:37:34.1123||INFO|FrameWork.Authentication.API.Queries.IdentityUserQueryController|Identity User GetById Starting |url: http://localhost/api/IdentityUserQuery/GetById|action: GetById
2021-08-11 16:37:35.6435||INFO|FrameWork.Authentication.API.Queries.IdentityUserQueryController|Identity User GetById completed successfully |url: http://localhost/api/IdentityUserQuery/GetById|action: GetById
2021-08-11 18:18:56.8143||INFO|FrameWork.Authentication.API.Queries.IdentityUserQueryController|Identity User Authorize Starting |url: http://localhost/api/IdentityUserQuery/Authorize|action: Authorize
2021-08-11 18:18:57.6635||INFO|FrameWork.Authentication.API.Queries.IdentityUserQueryController|Identity User GetById Starting |url: http://localhost/api/IdentityUserQuery/GetById|action: GetById
2021-08-11 18:18:57.9282||INFO|FrameWork.Authentication.API.Queries.IdentityUserQueryController|Identity User GetById completed successfully |url: http://localhost/api/IdentityUserQuery/GetById|action: GetById
