2021-07-16 01:00:04.4714||DEBUG|FrameWork.Authentication.Program|init main 
2021-07-16 01:01:43.2421||DEBUG|FrameWork.Authentication.Program|init main 
2021-07-16 01:01:48.7926|3|WARN|Microsoft.AspNetCore.HttpsPolicy.HttpsRedirectionMiddleware|Failed to determine the https port for redirect. 
2021-07-16 01:02:07.0551||INFO|FrameWork.Authentication.API.Queries.IdentityUserQueryController|Identity User Authorize Starting 
2021-07-16 01:02:08.4413||INFO|FrameWork.Authentication.API.Queries.IdentityUserQueryController|Identity User GetById Starting 
2021-07-16 01:02:08.5572||INFO|FrameWork.Authentication.API.Queries.IdentityUserQueryController|Identity User GetById completed successfully 
2021-07-16 01:09:06.7022||DEBUG|FrameWork.Authentication.Program|init main 
2021-07-16 01:09:10.9903|3|WARN|Microsoft.AspNetCore.HttpsPolicy.HttpsRedirectionMiddleware|Failed to determine the https port for redirect. 
2021-07-16 10:07:17.3222||DEBUG|FrameWork.Authentication.Program|init main 
2021-07-16 10:07:26.7536|3|WARN|Microsoft.AspNetCore.HttpsPolicy.HttpsRedirectionMiddleware|Failed to determine the https port for redirect. 
2021-07-16 10:08:12.1678|1|ERROR|Microsoft.AspNetCore.Diagnostics.DeveloperExceptionPageMiddleware|An unhandled exception has occurred while executing the request. System.Net.Http.HttpRequestException: No connection could be made because the target machine actively refused it.
 ---> System.Net.Sockets.SocketException (10061): No connection could be made because the target machine actively refused it.
   at System.Net.Http.ConnectHelper.ConnectAsync(String host, Int32 port, CancellationToken cancellationToken)
   --- End of inner exception stack trace ---
   at System.Net.Http.ConnectHelper.ConnectAsync(String host, Int32 port, CancellationToken cancellationToken)
   at System.Net.Http.HttpConnectionPool.ConnectAsync(HttpRequestMessage request, Boolean allowHttp2, CancellationToken cancellationToken)
   at System.Net.Http.HttpConnectionPool.CreateHttp11ConnectionAsync(HttpRequestMessage request, CancellationToken cancellationToken)
   at System.Net.Http.HttpConnectionPool.GetHttpConnectionAsync(HttpRequestMessage request, CancellationToken cancellationToken)
   at System.Net.Http.HttpConnectionPool.SendWithRetryAsync(HttpRequestMessage request, Boolean doRequestAuth, CancellationToken cancellationToken)
   at System.Net.Http.RedirectHandler.SendAsync(HttpRequestMessage request, CancellationToken cancellationToken)
   at System.Net.Http.DiagnosticsHandler.SendAsync(HttpRequestMessage request, CancellationToken cancellationToken)
   at Microsoft.Azure.Cosmos.DocumentClient.HttpRequestMessageHandler.SendAsync(HttpRequestMessage request, CancellationToken cancellationToken)
   at System.Net.Http.HttpClient.FinishSendAsyncUnbuffered(Task`1 sendTask, HttpRequestMessage request, CancellationTokenSource cts, Boolean disposeCts)
   at Microsoft.Azure.Cosmos.ClientExtensions.GetAsync(HttpClient client, Uri uri, INameValueCollection additionalHeaders, CancellationToken cancellationToken)
   at Microsoft.Azure.Cosmos.GatewayAccountReader.GetDatabaseAccountAsync(Uri serviceEndpoint)
   at Microsoft.Azure.Cosmos.Routing.GlobalEndpointManager.GetDatabaseAccountFromAnyLocationsAsync(Uri defaultEndpoint, IList`1 locations, Func`2 getDatabaseAccountFn)
   at Microsoft.Azure.Cosmos.GatewayAccountReader.InitializeReaderAsync()
   at Microsoft.Azure.Cosmos.CosmosAccountServiceConfiguration.InitializeAsync()
   at Microsoft.Azure.Cosmos.DocumentClient.InitializeGatewayConfigurationReaderAsync()
   at Microsoft.Azure.Cosmos.DocumentClient.GetInitializationTaskAsync(IStoreClientFactory storeClientFactory)
   at Microsoft.Azure.Cosmos.DocumentClient.EnsureValidClientAsync()
   at Microsoft.Azure.Cosmos.Handlers.RequestInvokerHandler.EnsureValidClientAsync(RequestMessage request)
   at Microsoft.Azure.Cosmos.Handlers.RequestInvokerHandler.SendAsync(RequestMessage request, CancellationToken cancellationToken)
   at Microsoft.Azure.Cosmos.Handlers.RequestInvokerHandler.SendAsync(String resourceUriString, ResourceType resourceType, OperationType operationType, RequestOptions requestOptions, ContainerInternal cosmosContainerCore, Nullable`1 partitionKey, Stream streamPayload, Action`1 requestEnricher, CosmosDiagnosticsContext diagnosticsContext, CancellationToken cancellationToken)
   at Microsoft.Azure.Cosmos.CosmosClient.<>c__DisplayClass30_0.<<CreateDatabaseIfNotExistsAsync>b__0>d.MoveNext()
--- End of stack trace from previous location where exception was thrown ---
   at Microsoft.Azure.Cosmos.ClientContextCore.RunWithDiagnosticsHelperAsync[TResult](CosmosDiagnosticsContext diagnosticsContext, Func`2 task)
   at Microsoft.EntityFrameworkCore.Cosmos.Storage.Internal.CosmosClientWrapper.CreateDatabaseIfNotExistsOnceAsync(DbContext _, Object __, CancellationToken cancellationToken)
   at Microsoft.EntityFrameworkCore.Cosmos.Storage.Internal.CosmosClientWrapper.CreateDatabaseIfNotExistsOnce(DbContext context, Object state)
   at Microsoft.EntityFrameworkCore.Storage.ExecutionStrategy.ExecuteImplementation[TState,TResult](Func`3 operation, Func`3 verifySucceeded, TState state)
   at Microsoft.EntityFrameworkCore.Storage.ExecutionStrategy.Execute[TState,TResult](TState state, Func`3 operation, Func`3 verifySucceeded)
   at Microsoft.EntityFrameworkCore.Cosmos.Storage.Internal.CosmosClientWrapper.CreateDatabaseIfNotExists()
   at Microsoft.EntityFrameworkCore.Cosmos.Storage.Internal.CosmosDatabaseCreator.EnsureCreated()
   at Microsoft.EntityFrameworkCore.Infrastructure.DatabaseFacade.EnsureCreated()
   at FrameWork.Authentication.Infrastructure.Repositories.IdentityUserQuery..ctor(DBContext ctx) in D:\TFS\MobiCare\Microservices\Authentication\Infrastructure\Repositories\IdentityUserQuery.cs:line 18
--- End of stack trace from previous location where exception was thrown ---
   at Microsoft.Extensions.DependencyInjection.ServiceLookup.CallSiteRuntimeResolver.VisitConstructor(ConstructorCallSite constructorCallSite, RuntimeResolverContext context)
   at Microsoft.Extensions.DependencyInjection.ServiceLookup.CallSiteVisitor`2.VisitCallSiteMain(ServiceCallSite callSite, TArgument argument)
   at Microsoft.Extensions.DependencyInjection.ServiceLookup.CallSiteRuntimeResolver.VisitCache(ServiceCallSite callSite, RuntimeResolverContext context, ServiceProviderEngineScope serviceProviderEngine, RuntimeResolverLock lockType)
   at Microsoft.Extensions.DependencyInjection.ServiceLookup.CallSiteRuntimeResolver.VisitScopeCache(ServiceCallSite singletonCallSite, RuntimeResolverContext context)
   at Microsoft.Extensions.DependencyInjection.ServiceLookup.CallSiteVisitor`2.VisitCallSite(ServiceCallSite callSite, TArgument argument)
   at Microsoft.Extensions.DependencyInjection.ServiceLookup.CallSiteRuntimeResolver.Resolve(ServiceCallSite callSite, ServiceProviderEngineScope scope)
   at Microsoft.Extensions.DependencyInjection.ServiceLookup.DynamicServiceProviderEngine.<>c__DisplayClass1_0.<RealizeService>b__0(ServiceProviderEngineScope scope)
   at Microsoft.Extensions.DependencyInjection.ServiceLookup.ServiceProviderEngine.GetService(Type serviceType, ServiceProviderEngineScope serviceProviderEngineScope)
   at Microsoft.Extensions.DependencyInjection.ServiceLookup.ServiceProviderEngineScope.GetService(Type serviceType)
   at Microsoft.Extensions.DependencyInjection.ActivatorUtilities.GetService(IServiceProvider sp, Type type, Type requiredBy, Boolean isDefaultParameterRequired)
   at lambda_method(Closure , IServiceProvider , Object[] )
   at Microsoft.AspNetCore.Mvc.Controllers.ControllerActivatorProvider.<>c__DisplayClass4_0.<CreateActivator>b__0(ControllerContext controllerContext)
   at Microsoft.AspNetCore.Mvc.Controllers.ControllerFactoryProvider.<>c__DisplayClass5_0.<CreateControllerFactory>g__CreateController|0(ControllerContext controllerContext)
   at Microsoft.AspNetCore.Mvc.Infrastructure.ControllerActionInvoker.Next(State& next, Scope& scope, Object& state, Boolean& isCompleted)
   at Microsoft.AspNetCore.Mvc.Infrastructure.ControllerActionInvoker.InvokeInnerFilterAsync()
--- End of stack trace from previous location where exception was thrown ---
   at Microsoft.AspNetCore.Mvc.Infrastructure.ResourceInvoker.<InvokeNextResourceFilter>g__Awaited|24_0(ResourceInvoker invoker, Task lastTask, State next, Scope scope, Object state, Boolean isCompleted)
   at Microsoft.AspNetCore.Mvc.Infrastructure.ResourceInvoker.Rethrow(ResourceExecutedContextSealed context)
   at Microsoft.AspNetCore.Mvc.Infrastructure.ResourceInvoker.Next(State& next, Scope& scope, Object& state, Boolean& isCompleted)
   at Microsoft.AspNetCore.Mvc.Infrastructure.ResourceInvoker.InvokeFilterPipelineAsync()
--- End of stack trace from previous location where exception was thrown ---
   at Microsoft.AspNetCore.Mvc.Infrastructure.ResourceInvoker.<InvokeAsync>g__Awaited|17_0(ResourceInvoker invoker, Task task, IDisposable scope)
   at Microsoft.AspNetCore.Routing.EndpointMiddleware.<Invoke>g__AwaitRequestTask|6_0(Endpoint endpoint, Task requestTask, ILogger logger)
   at Swashbuckle.AspNetCore.SwaggerUI.SwaggerUIMiddleware.Invoke(HttpContext httpContext)
   at Swashbuckle.AspNetCore.Swagger.SwaggerMiddleware.Invoke(HttpContext httpContext, ISwaggerProvider swaggerProvider)
   at Microsoft.AspNetCore.Authorization.AuthorizationMiddleware.Invoke(HttpContext context)
   at Microsoft.AspNetCore.Authentication.AuthenticationMiddleware.Invoke(HttpContext context)
   at Microsoft.AspNetCore.Diagnostics.DeveloperExceptionPageMiddleware.Invoke(HttpContext context)
2021-07-16 10:09:22.0475||INFO|FrameWork.Authentication.API.Queries.IdentityUserQueryController|Identity User Authorize Starting 
2021-07-16 10:09:23.5733||INFO|FrameWork.Authentication.API.Queries.IdentityUserQueryController|Identity User GetById Starting 
2021-07-16 10:09:23.6201||INFO|FrameWork.Authentication.API.Queries.IdentityUserQueryController|Identity User GetById completed successfully 
2021-07-16 10:16:04.8615||INFO|FrameWork.Authentication.API.Queries.IdentityUserQueryController|Identity User Authorize Starting 
2021-07-16 10:16:04.9316||INFO|FrameWork.Authentication.API.Queries.IdentityUserQueryController|Identity User GetById Starting 
2021-07-16 10:16:04.9414||INFO|FrameWork.Authentication.API.Queries.IdentityUserQueryController|Identity User GetById completed successfully 
2021-07-16 10:46:20.1248||INFO|FrameWork.Authentication.API.Queries.IdentityUserQueryController|Identity User Authorize Starting 
2021-07-16 10:46:20.2047||INFO|FrameWork.Authentication.API.Queries.IdentityUserQueryController|Identity User GetById Starting 
2021-07-16 10:46:20.2214||INFO|FrameWork.Authentication.API.Queries.IdentityUserQueryController|Identity User GetById completed successfully 
2021-07-16 10:48:24.5199||INFO|FrameWork.Authentication.API.Queries.IdentityUserQueryController|Identity User Authorize Starting 
2021-07-16 10:48:24.5364||INFO|FrameWork.Authentication.API.Queries.IdentityUserQueryController|Identity User Authorize invalid username and password 
2021-07-16 10:48:43.2662||INFO|FrameWork.Authentication.API.Queries.IdentityUserQueryController|Identity User Authorize Starting 
2021-07-16 10:48:43.3463||INFO|FrameWork.Authentication.API.Queries.IdentityUserQueryController|Identity User GetById Starting 
2021-07-16 10:48:43.3592||INFO|FrameWork.Authentication.API.Queries.IdentityUserQueryController|Identity User GetById completed successfully 
2021-07-16 10:49:57.4890||INFO|FrameWork.Authentication.API.Queries.IdentityUserQueryController|Identity User Authorize Starting 
2021-07-16 10:49:57.5684||INFO|FrameWork.Authentication.API.Queries.IdentityUserQueryController|Identity User GetById Starting 
2021-07-16 10:49:57.5684||INFO|FrameWork.Authentication.API.Queries.IdentityUserQueryController|Identity User GetById completed successfully 
2021-07-16 10:50:55.4014||INFO|FrameWork.Authentication.API.Queries.IdentityUserQueryController|Identity User Authorize Starting 
2021-07-16 10:50:55.4900||INFO|FrameWork.Authentication.API.Queries.IdentityUserQueryController|Identity User GetById Starting 
2021-07-16 10:50:55.5046||INFO|FrameWork.Authentication.API.Queries.IdentityUserQueryController|Identity User GetById completed successfully 
2021-07-16 10:58:23.8308||INFO|FrameWork.Authentication.API.Queries.IdentityUserQueryController|Identity User Authorize Starting 
2021-07-16 10:58:24.0612||INFO|FrameWork.Authentication.API.Queries.IdentityUserQueryController|Identity User GetById Starting 
2021-07-16 10:58:24.0702||INFO|FrameWork.Authentication.API.Queries.IdentityUserQueryController|Identity User GetById completed successfully 
2021-07-16 10:58:41.3911||INFO|FrameWork.Authentication.API.Queries.IdentityUserQueryController|Identity User Authorize Starting 
2021-07-16 10:58:41.4680||INFO|FrameWork.Authentication.API.Queries.IdentityUserQueryController|Identity User GetById Starting 
2021-07-16 10:58:41.4789||INFO|FrameWork.Authentication.API.Queries.IdentityUserQueryController|Identity User GetById completed successfully 
2021-07-16 10:58:53.4566||INFO|FrameWork.Authentication.API.Queries.IdentityUserQueryController|Identity User Authorize Starting 
2021-07-16 10:58:53.5335||INFO|FrameWork.Authentication.API.Queries.IdentityUserQueryController|Identity User GetById Starting 
2021-07-16 10:58:53.5496||INFO|FrameWork.Authentication.API.Queries.IdentityUserQueryController|Identity User GetById completed successfully 
2021-07-16 21:11:29.0166||DEBUG|FrameWork.Authentication.Program|init main 
2021-07-16 21:11:33.6313|3|WARN|Microsoft.AspNetCore.HttpsPolicy.HttpsRedirectionMiddleware|Failed to determine the https port for redirect. 
2021-07-16 21:13:17.3788||INFO|FrameWork.Authentication.API.Queries.IdentityUserQueryController|Identity User Authorize Starting 
2021-07-16 21:13:18.5997||INFO|FrameWork.Authentication.API.Queries.IdentityUserQueryController|Identity User GetById Starting 
2021-07-16 21:13:18.6468||INFO|FrameWork.Authentication.API.Queries.IdentityUserQueryController|Identity User GetById completed successfully 
2021-07-16 21:28:29.4632||DEBUG|FrameWork.Authentication.Program|init main 
2021-07-16 21:28:31.6310|3|WARN|Microsoft.AspNetCore.HttpsPolicy.HttpsRedirectionMiddleware|Failed to determine the https port for redirect. 
2021-07-16 22:19:13.1826||INFO|FrameWork.Authentication.API.Queries.IdentityUserQueryController|Identity User Authorize Starting 
2021-07-16 22:19:14.0298||INFO|FrameWork.Authentication.API.Queries.IdentityUserQueryController|Identity User GetById Starting 
2021-07-16 22:19:14.0741||INFO|FrameWork.Authentication.API.Queries.IdentityUserQueryController|Identity User GetById completed successfully 
2021-07-16 22:22:45.4612||INFO|FrameWork.Authentication.API.Queries.IdentityUserQueryController|Identity User Authorize Starting 
2021-07-16 22:22:45.5706||INFO|FrameWork.Authentication.API.Queries.IdentityUserQueryController|Identity User GetById Starting 
2021-07-16 22:22:45.5814||INFO|FrameWork.Authentication.API.Queries.IdentityUserQueryController|Identity User GetById completed successfully 
2021-07-16 22:23:34.8923||INFO|FrameWork.Authentication.API.Queries.IdentityUserQueryController|Identity User Authorize Starting 
2021-07-16 22:23:34.9838||INFO|FrameWork.Authentication.API.Queries.IdentityUserQueryController|Identity User GetById Starting 
2021-07-16 22:23:34.9936||INFO|FrameWork.Authentication.API.Queries.IdentityUserQueryController|Identity User GetById completed successfully 
2021-07-16 22:23:56.7391||INFO|FrameWork.Authentication.API.Queries.IdentityUserQueryController|Identity User Authorize Starting 
2021-07-16 22:23:56.8209||INFO|FrameWork.Authentication.API.Queries.IdentityUserQueryController|Identity User GetById Starting 
2021-07-16 22:23:56.8348||INFO|FrameWork.Authentication.API.Queries.IdentityUserQueryController|Identity User GetById completed successfully 
2021-07-16 22:31:22.8285||INFO|FrameWork.Authentication.API.Queries.IdentityUserQueryController|Identity User Authorize Starting 
2021-07-16 22:31:22.9162||INFO|FrameWork.Authentication.API.Queries.IdentityUserQueryController|Identity User GetById Starting 
2021-07-16 22:31:22.9315||INFO|FrameWork.Authentication.API.Queries.IdentityUserQueryController|Identity User GetById completed successfully 
