2021-08-18 12:28:46.4418||DEBUG|FrameWork.Authentication.Program|init main 
2021-08-18 12:28:56.8798|3|WARN|Microsoft.AspNetCore.HttpsPolicy.HttpsRedirectionMiddleware|Failed to determine the https port for redirect. 
2021-08-18 12:29:18.8291||DEBUG|FrameWork.Authentication.Program|init main 
2021-08-18 12:29:20.8683|3|WARN|Microsoft.AspNetCore.HttpsPolicy.HttpsRedirectionMiddleware|Failed to determine the https port for redirect. 
2021-08-18 12:30:40.1212||DEBUG|FrameWork.Authentication.Program|init main 
2021-08-18 12:30:44.0833|3|WARN|Microsoft.AspNetCore.HttpsPolicy.HttpsRedirectionMiddleware|Failed to determine the https port for redirect. 
2021-08-18 12:35:52.9313||INFO|FrameWork.Authentication.API.Queries.IdentityUserQueryController|Identity User Authorize Starting 
2021-08-18 12:35:56.9598||INFO|FrameWork.Authentication.API.Queries.IdentityUserQueryController|Identity User Authorize invalid username and password 
2021-08-18 12:36:06.9812||INFO|FrameWork.Authentication.API.Queries.IdentityUserQueryController|Identity User Authorize Starting 
2021-08-18 12:36:08.6174||INFO|FrameWork.Authentication.API.Queries.IdentityUserQueryController|Identity User Authorize invalid username and password 
2021-08-18 12:36:20.3306||INFO|FrameWork.Authentication.API.Queries.IdentityUserQueryController|Identity User Authorize Starting 
2021-08-18 12:36:21.5668||INFO|FrameWork.Authentication.API.Queries.IdentityUserQueryController|Identity User GetById Starting 
2021-08-18 12:36:23.1940||INFO|FrameWork.Authentication.API.Queries.IdentityUserQueryController|Identity User GetById completed successfully 
2021-08-18 12:59:53.4794||INFO|FrameWork.Authentication.API.Queries.IdentityUserQueryController|Identity User Authorize Starting 
2021-08-18 12:59:57.2662||INFO|FrameWork.Authentication.API.Queries.IdentityUserQueryController|Identity User GetById Starting 
2021-08-18 12:59:57.5397||INFO|FrameWork.Authentication.API.Queries.IdentityUserQueryController|Identity User GetById completed successfully 
2021-08-18 13:01:26.0119||INFO|FrameWork.Authentication.API.Queries.IdentityUserQueryController|Identity User Authorize Starting 
2021-08-18 13:01:26.9112||INFO|FrameWork.Authentication.API.Queries.IdentityUserQueryController|Identity User GetById Starting 
2021-08-18 13:01:27.2111||INFO|FrameWork.Authentication.API.Queries.IdentityUserQueryController|Identity User GetById completed successfully 
2021-08-18 13:09:09.1703||INFO|FrameWork.Authentication.API.Queries.IdentityUserQueryController|Identity User Authorize Starting 
2021-08-18 13:09:10.0860||INFO|FrameWork.Authentication.API.Queries.IdentityUserQueryController|Identity User GetById Starting 
2021-08-18 13:09:10.3387||INFO|FrameWork.Authentication.API.Queries.IdentityUserQueryController|Identity User GetById completed successfully 
2021-08-18 13:15:46.5307||DEBUG|FrameWork.Authentication.Program|init main 
2021-08-18 13:15:51.7013|3|WARN|Microsoft.AspNetCore.HttpsPolicy.HttpsRedirectionMiddleware|Failed to determine the https port for redirect. 
2021-08-18 13:16:08.4041||INFO|FrameWork.Authentication.API.Queries.IdentityUserQueryController|Identity User Authorize Starting 
2021-08-18 13:16:13.5904||INFO|FrameWork.Authentication.API.Queries.IdentityUserQueryController|Identity User GetById Starting 
2021-08-18 13:16:13.8776||INFO|FrameWork.Authentication.API.Queries.IdentityUserQueryController|Identity User GetById completed successfully 
2021-08-18 13:16:30.2512||INFO|FrameWork.Authentication.API.Queries.IdentityUserQueryController|Identity User Authorize Starting 
2021-08-18 13:16:32.3894||INFO|FrameWork.Authentication.API.Queries.IdentityUserQueryController|Identity User GetById Starting 
2021-08-18 13:16:33.8321||INFO|FrameWork.Authentication.API.Queries.IdentityUserQueryController|Identity User GetById completed successfully 
2021-08-18 13:20:46.2436||INFO|FrameWork.Authentication.API.Queries.IdentityUserQueryController|Identity User Authorize Starting 
2021-08-18 13:20:47.1051||INFO|FrameWork.Authentication.API.Queries.IdentityUserQueryController|Identity User GetById Starting 
2021-08-18 13:20:47.3657||INFO|FrameWork.Authentication.API.Queries.IdentityUserQueryController|Identity User GetById completed successfully 
2021-08-18 13:23:02.2580||INFO|FrameWork.Authentication.API.Queries.IdentityUserQueryController|Identity User Authorize Starting 
2021-08-18 13:25:40.8041||DEBUG|FrameWork.Authentication.Program|init main 
2021-08-18 13:25:45.6678|3|WARN|Microsoft.AspNetCore.HttpsPolicy.HttpsRedirectionMiddleware|Failed to determine the https port for redirect. 
2021-08-18 13:42:25.4868||INFO|FrameWork.Authentication.API.Queries.IdentityUserQueryController|Identity User Authorize Starting 
2021-08-18 13:42:30.5863||INFO|FrameWork.Authentication.API.Queries.IdentityUserQueryController|Identity User GetById Starting 
2021-08-18 13:42:31.9268||INFO|FrameWork.Authentication.API.Queries.IdentityUserQueryController|Identity User GetById completed successfully 
2021-08-18 16:54:27.4566||DEBUG|FrameWork.Authentication.Program|init main 
2021-08-18 16:54:34.4882|3|WARN|Microsoft.AspNetCore.HttpsPolicy.HttpsRedirectionMiddleware|Failed to determine the https port for redirect. 
2021-08-18 17:03:53.4950||INFO|FrameWork.Authentication.API.Queries.IdentityUserQueryController|Identity User Authorize Starting 
2021-08-18 17:03:59.4130||INFO|FrameWork.Authentication.API.Queries.IdentityUserQueryController|Identity User GetById Starting 
2021-08-18 17:03:59.7113||INFO|FrameWork.Authentication.API.Queries.IdentityUserQueryController|Identity User GetById completed successfully 
2021-08-18 17:07:07.2941||INFO|FrameWork.Authentication.API.Queries.IdentityUserQueryController|Identity User Authorize Starting 
2021-08-18 17:07:09.4045||INFO|FrameWork.Authentication.API.Queries.IdentityUserQueryController|Identity User GetById Starting 
2021-08-18 17:07:10.8240||INFO|FrameWork.Authentication.API.Queries.IdentityUserQueryController|Identity User GetById completed successfully 
2021-08-18 17:08:07.5930||INFO|FrameWork.Authentication.API.Queries.IdentityUserQueryController|Identity User Authorize Starting 
2021-08-18 17:08:08.4720||INFO|FrameWork.Authentication.API.Queries.IdentityUserQueryController|Identity User GetById Starting 
2021-08-18 17:08:09.8510||INFO|FrameWork.Authentication.API.Queries.IdentityUserQueryController|Identity User GetById completed successfully 
2021-08-18 18:23:30.6831||DEBUG|FrameWork.Authentication.Program|init main 
2021-08-18 18:23:35.9658|3|WARN|Microsoft.AspNetCore.HttpsPolicy.HttpsRedirectionMiddleware|Failed to determine the https port for redirect. 
2021-08-18 18:37:46.6357||INFO|FrameWork.Authentication.API.Queries.IdentityUserQueryController|Identity User Authorize Starting 
2021-08-18 18:37:54.7738||INFO|FrameWork.Authentication.API.Queries.IdentityUserQueryController|Identity User GetById Starting 
2021-08-18 18:37:56.1833||INFO|FrameWork.Authentication.API.Queries.IdentityUserQueryController|Identity User GetById completed successfully 
2021-08-18 19:50:12.3631||DEBUG|FrameWork.Authentication.Program|init main 
2021-08-18 19:50:14.0258|3|WARN|Microsoft.AspNetCore.HttpsPolicy.HttpsRedirectionMiddleware|Failed to determine the https port for redirect. 
2021-08-18 19:51:26.2712||INFO|Framework.Authentication.API.Command.IdentityClaimController|Identity Claim POST Starting 
2021-08-18 19:51:29.1925||INFO|Framework.Authentication.API.Command.IdentityClaimController|Identity Claim POST Completed successfully 
2021-08-18 19:51:40.8596||INFO|Framework.Authentication.API.Command.IdentityClaimController|Identity Claim POST Starting 
2021-08-18 19:51:41.1640||INFO|Framework.Authentication.API.Command.IdentityClaimController|Identity Claim POST Completed successfully 
2021-08-18 19:53:35.1644||INFO|FrameWork.Authentication.API.Queries.IdentityUserQueryController|Identity User Authorize Starting 
2021-08-18 20:03:37.7115||DEBUG|FrameWork.Authentication.Program|init main 
2021-08-18 20:03:38.9380|3|WARN|Microsoft.AspNetCore.HttpsPolicy.HttpsRedirectionMiddleware|Failed to determine the https port for redirect. 
2021-08-18 20:04:17.1330||INFO|FrameWork.Authentication.API.Queries.IdentityUserQueryController|Identity User Authorize Starting 
2021-08-18 20:16:23.8516||DEBUG|FrameWork.Authentication.Program|init main 
2021-08-18 20:16:28.9021|3|WARN|Microsoft.AspNetCore.HttpsPolicy.HttpsRedirectionMiddleware|Failed to determine the https port for redirect. 
2021-08-18 20:17:05.1222||INFO|FrameWork.Authentication.API.Queries.IdentityUserQueryController|Identity User Authorize Starting 
2021-08-18 20:17:16.5494||INFO|FrameWork.Authentication.API.Queries.IdentityUserQueryController|Identity User GetById Starting 
2021-08-18 20:17:18.1816||INFO|FrameWork.Authentication.API.Queries.IdentityUserQueryController|Identity User GetById completed successfully 
2021-08-18 20:19:04.0056||INFO|FrameWork.Authentication.API.Queries.IdentityUserQueryController|Identity User Authorize Starting 
2021-08-18 20:19:07.4884||INFO|FrameWork.Authentication.API.Queries.IdentityUserQueryController|Identity User GetById Starting 
2021-08-18 20:19:08.7928||INFO|FrameWork.Authentication.API.Queries.IdentityUserQueryController|Identity User GetById completed successfully 
2021-08-18 20:19:57.1387||INFO|FrameWork.Authentication.API.Queries.IdentityUserQueryController|Identity User Authorize Starting 
2021-08-18 20:20:00.7557||INFO|FrameWork.Authentication.API.Queries.IdentityUserQueryController|Identity User GetById Starting 
2021-08-18 20:20:01.0269||INFO|FrameWork.Authentication.API.Queries.IdentityUserQueryController|Identity User GetById completed successfully 
2021-08-18 20:25:05.9822||INFO|FrameWork.Authentication.API.Queries.IdentityUserQueryController|Identity User Authorize Starting 
2021-08-18 20:25:12.2839||INFO|FrameWork.Authentication.API.Queries.IdentityUserQueryController|Identity User GetById Starting 
2021-08-18 20:25:12.5785||INFO|FrameWork.Authentication.API.Queries.IdentityUserQueryController|Identity User GetById completed successfully 
