2021-06-16 10:51:22.1751||DEBUG|FrameWork.Authentication.Program|init main 
2021-06-16 10:51:25.7934|3|WARN|Microsoft.AspNetCore.HttpsPolicy.HttpsRedirectionMiddleware|Failed to determine the https port for redirect. 
2021-06-16 10:52:27.8589||INFO|FrameWork.Authentication.API.Queries.IdentityUserQueryController|Identity User Authorize Starting 
2021-06-16 10:52:28.9387||INFO|FrameWork.Authentication.API.Queries.IdentityUserQueryController|Identity User Authorize invalid username and password 
2021-06-16 10:52:51.9038||INFO|FrameWork.Authentication.API.Queries.IdentityUserQueryController|Identity User Authorize Starting 
2021-06-16 10:52:51.9246||INFO|FrameWork.Authentication.API.Queries.IdentityUserQueryController|Identity User Authorize invalid username and password 
2021-06-16 10:54:24.4060||INFO|FrameWork.Authentication.API.Queries.IdentityUserQueryController|Identity User Authorize Starting 
2021-06-16 10:54:24.4240||INFO|FrameWork.Authentication.API.Queries.IdentityUserQueryController|Identity User Authorize invalid username and password 
2021-06-16 11:20:44.5770||INFO|FrameWork.Authentication.API.Queries.IdentityUserQueryController|Identity User Authorize Starting 
2021-06-16 11:20:44.5868||INFO|FrameWork.Authentication.API.Queries.IdentityUserQueryController|Identity User Authorize invalid username and password 
2021-06-16 11:26:41.5254||INFO|FrameWork.Authentication.API.Command.IdentityUserController|Identity User POST Starting 
2021-06-16 11:26:41.7021||INFO|FrameWork.Authentication.API.Command.IdentityUserController|Identity User POST Completed successfully 
2021-06-16 11:27:08.6631||INFO|FrameWork.Authentication.API.Queries.IdentityUserQueryController|Identity User Authorize Starting 
2021-06-16 11:27:08.6910||INFO|FrameWork.Authentication.API.Queries.IdentityUserQueryController|Identity User Authorize completed successfully 
2021-06-16 14:22:04.1395||DEBUG|FrameWork.Authentication.Program|init main 
2021-06-16 14:22:06.3154|3|WARN|Microsoft.AspNetCore.HttpsPolicy.HttpsRedirectionMiddleware|Failed to determine the https port for redirect. 
2021-06-16 19:29:01.3102||INFO|FrameWork.Authentication.API.Queries.IdentityUserQueryController|Identity User Authorize Starting 
2021-06-16 19:29:02.4342||INFO|FrameWork.Authentication.API.Queries.IdentityUserQueryController|Identity User Authorize invalid username and password 
2021-06-16 19:29:07.5814||INFO|FrameWork.Authentication.API.Queries.IdentityUserQueryController|Identity User Authorize Starting 
2021-06-16 19:29:07.5992||INFO|FrameWork.Authentication.API.Queries.IdentityUserQueryController|Identity User Authorize completed successfully 
