2021-07-27 08:59:25.5241||DEBUG|Configuration.Program|init main 
2021-07-27 08:59:31.6234|3|WARN|Microsoft.AspNetCore.HttpsPolicy.HttpsRedirectionMiddleware|Failed to determine the https port for redirect. 
2021-07-27 11:33:55.2462||DEBUG|Configuration.Program|init main 
2021-07-27 11:34:01.1472|3|WARN|Microsoft.AspNetCore.HttpsPolicy.HttpsRedirectionMiddleware|Failed to determine the https port for redirect. 
2021-07-27 11:37:14.7863||DEBUG|Configuration.Program|init main 
2021-07-27 11:37:20.2603|3|WARN|Microsoft.AspNetCore.HttpsPolicy.HttpsRedirectionMiddleware|Failed to determine the https port for redirect. 
2021-07-27 11:50:54.1241||DEBUG|Configuration.Program|init main 
2021-07-27 11:50:58.1178|3|WARN|Microsoft.AspNetCore.HttpsPolicy.HttpsRedirectionMiddleware|Failed to determine the https port for redirect. 
2021-07-27 12:21:22.5675||DEBUG|Configuration.Program|init main 
2021-07-27 12:21:27.5711|3|WARN|Microsoft.AspNetCore.HttpsPolicy.HttpsRedirectionMiddleware|Failed to determine the https port for redirect. 
2021-07-27 14:51:02.3566||INFO|Framework.Configuration.API.Command.AppSettingsController|Settings Update Starting 
2021-07-27 14:51:02.6617||INFO|Framework.Configuration.API.Command.AppSettingsController|Settings update Completed successfully 
2021-07-27 14:51:12.2550||INFO|Framework.Configuration.API.Command.AppSettingsController|Settings Update Starting 
2021-07-27 14:51:12.2667||INFO|Framework.Configuration.API.Command.AppSettingsController|Settings update Completed successfully 
2021-07-27 14:51:14.7101||INFO|Framework.Configuration.API.Command.AppSettingsController|Settings Update Starting 
2021-07-27 14:51:14.7213||INFO|Framework.Configuration.API.Command.AppSettingsController|Settings update Completed successfully 
2021-07-27 14:51:15.6574||INFO|Framework.Configuration.API.Command.AppSettingsController|Settings Update Starting 
2021-07-27 14:51:15.6668||INFO|Framework.Configuration.API.Command.AppSettingsController|Settings update Completed successfully 
2021-07-27 14:54:58.8031||INFO|Framework.Configuration.API.Command.AppSettingsController|Settings Update Starting 
2021-07-27 14:54:58.9045||INFO|Framework.Configuration.API.Command.AppSettingsController|Settings update Completed successfully 
2021-07-27 14:55:06.1694||INFO|Framework.Configuration.API.Command.AppSettingsController|Settings Update Starting 
2021-07-27 14:55:06.1694||INFO|Framework.Configuration.API.Command.AppSettingsController|Settings update Completed successfully 
2021-07-27 14:57:14.1473||INFO|Framework.Configuration.API.Command.AppSettingsController|Settings Update Starting 
2021-07-27 14:57:14.1559||INFO|Framework.Configuration.API.Command.AppSettingsController|Settings update Completed successfully 
2021-07-27 14:57:57.0644||INFO|Framework.Configuration.API.Command.AppSettingsController|Settings Update Starting 
2021-07-27 14:57:57.0644||INFO|Framework.Configuration.API.Command.AppSettingsController|Settings update Completed successfully 
2021-07-27 14:58:22.7604||INFO|Framework.Configuration.API.Command.AppSettingsController|Settings Update Starting 
2021-07-27 14:58:22.7604||INFO|Framework.Configuration.API.Command.AppSettingsController|Settings update Completed successfully 
2021-07-27 14:58:57.0292||INFO|Framework.Configuration.API.Command.AppSettingsController|Settings Update Starting 
2021-07-27 14:58:57.0292||INFO|Framework.Configuration.API.Command.AppSettingsController|Settings update Completed successfully 
2021-07-27 15:04:51.9800||INFO|Framework.Configuration.API.Command.AppSettingsController|Settings Update Starting 
2021-07-27 15:04:51.9800||INFO|Framework.Configuration.API.Command.AppSettingsController|Settings update Completed successfully 
2021-07-27 16:53:06.3575||INFO|Framework.Configuration.API.Command.AppSettingsController|Settings POST Starting 
2021-07-27 16:53:06.5652||INFO|Framework.Configuration.API.Command.AppSettingsController|Settings POST Completed successfully 
